[2015-12-25 10:18:37,624] {post_review.py:26} DEBUG - started app
[2015-12-25 10:18:37,636] {_internal.py:87} INFO -  * Restarting with stat
[2015-12-25 10:18:37,771] {post_review.py:26} DEBUG - started app
[2015-12-25 10:18:37,780] {_internal.py:87} WARNING -  * Debugger is active!
[2015-12-25 10:18:37,783] {_internal.py:87} INFO -  * Debugger pin code: 678-916-927
[2015-12-25 10:19:22,921] {post_review.py:26} DEBUG - started app
[2015-12-25 10:19:22,933] {_internal.py:87} INFO -  * Restarting with stat
[2015-12-25 10:19:23,065] {post_review.py:26} DEBUG - started app
[2015-12-25 10:19:23,074] {_internal.py:87} WARNING -  * Debugger is active!
[2015-12-25 10:19:23,077] {_internal.py:87} INFO -  * Debugger pin code: 678-916-927
[2015-12-25 13:53:13,744] {_internal.py:87} INFO -  * Detected change in '/home/murtaza/Documents/Transferret/APIs/PostReview/post_review.py', reloading
[2015-12-25 13:53:13,762] {_internal.py:87} INFO -  * Restarting with stat
[2015-12-25 13:53:13,901] {post_review.py:26} DEBUG - started app
[2015-12-25 13:53:13,910] {_internal.py:87} WARNING -  * Debugger is active!
[2015-12-25 13:53:13,913] {_internal.py:87} INFO -  * Debugger pin code: 678-916-927
[2015-12-25 14:28:11,111] {_internal.py:87} INFO -  * Detected change in '/home/murtaza/Documents/Transferret/APIs/PostReview/post_review.py', reloading
[2015-12-25 14:28:11,132] {_internal.py:87} INFO -  * Restarting with stat
[2015-12-25 14:28:11,269] {post_review.py:26} DEBUG - started app
[2015-12-25 14:28:11,278] {_internal.py:87} WARNING -  * Debugger is active!
[2015-12-25 14:28:11,281] {_internal.py:87} INFO -  * Debugger pin code: 678-916-927
[2015-12-25 14:34:54,284] {_internal.py:87} INFO -  * Detected change in '/home/murtaza/Documents/Transferret/APIs/PostReview/post_review.py', reloading
[2015-12-25 14:34:54,306] {_internal.py:87} INFO -  * Restarting with stat
[2015-12-25 14:34:54,442] {post_review.py:26} DEBUG - started app
[2015-12-25 14:34:54,452] {_internal.py:87} WARNING -  * Debugger is active!
[2015-12-25 14:34:54,454] {_internal.py:87} INFO -  * Debugger pin code: 678-916-927
[2015-12-25 14:35:42,704] {_internal.py:87} INFO -  * Detected change in '/home/murtaza/Documents/Transferret/APIs/PostReview/post_review.py', reloading
[2015-12-25 14:35:42,727] {_internal.py:87} INFO -  * Restarting with stat
[2015-12-25 14:35:42,870] {post_review.py:26} DEBUG - started app
[2015-12-25 14:35:42,879] {_internal.py:87} WARNING -  * Debugger is active!
[2015-12-25 14:35:42,881] {_internal.py:87} INFO -  * Debugger pin code: 678-916-927
[2015-12-25 14:40:08,204] {_internal.py:87} INFO -  * Detected change in '/home/murtaza/Documents/Transferret/APIs/PostReview/post_review.py', reloading
[2015-12-25 14:40:08,226] {_internal.py:87} INFO -  * Restarting with stat
[2015-12-25 14:40:08,365] {post_review.py:26} DEBUG - started app
[2015-12-25 14:40:08,375] {_internal.py:87} WARNING -  * Debugger is active!
[2015-12-25 14:40:08,377] {_internal.py:87} INFO -  * Debugger pin code: 678-916-927
[2015-12-25 14:44:12,559] {_internal.py:87} INFO -  * Detected change in '/home/murtaza/Documents/Transferret/APIs/PostReview/post_review.py', reloading
[2015-12-25 14:44:12,585] {_internal.py:87} INFO -  * Restarting with stat
[2015-12-25 14:44:12,726] {post_review.py:26} DEBUG - started app
[2015-12-25 14:44:12,736] {_internal.py:87} WARNING -  * Debugger is active!
[2015-12-25 14:44:12,738] {_internal.py:87} INFO -  * Debugger pin code: 678-916-927
[2015-12-25 14:45:01,266] {post_review.py:26} DEBUG - started app
[2015-12-25 14:45:01,278] {_internal.py:87} INFO -  * Restarting with stat
[2015-12-25 14:45:01,412] {post_review.py:26} DEBUG - started app
[2015-12-25 14:45:01,421] {_internal.py:87} WARNING -  * Debugger is active!
[2015-12-25 14:45:01,424] {_internal.py:87} INFO -  * Debugger pin code: 678-916-927
[2015-12-25 14:45:09,581] {login.py:86} ERROR - Password is incorrect
[2015-12-25 14:45:09,583] {_internal.py:87} INFO - 127.0.0.1 - - [25/Dec/2015 14:45:09] "POST /login HTTP/1.1" 200 -
[2015-12-25 14:46:22,409] {_internal.py:87} INFO - 127.0.0.1 - - [25/Dec/2015 14:46:22] "GET /postreview HTTP/1.1" 405 -
[2015-12-25 14:46:36,517] {post_review.py:102} ERROR - int() argument must be a string or a number, not 'NoneType'
[2015-12-25 14:46:36,518] {_internal.py:87} INFO - 127.0.0.1 - - [25/Dec/2015 14:46:36] "POST /postreview HTTP/1.1" 200 -
[2015-12-25 14:48:56,166] {post_review.py:102} ERROR - %d format: a number is required, not str
[2015-12-25 14:48:56,168] {_internal.py:87} INFO - 127.0.0.1 - - [25/Dec/2015 14:48:56] "POST /postreview HTTP/1.1" 200 -
[2015-12-25 14:52:30,599] {_internal.py:87} INFO -  * Detected change in '/home/murtaza/Documents/Transferret/APIs/PostReview/post_review.py', reloading
[2015-12-25 14:52:30,617] {_internal.py:87} INFO -  * Restarting with stat
[2015-12-25 14:52:30,756] {post_review.py:26} DEBUG - started app
[2015-12-25 14:52:30,766] {_internal.py:87} WARNING -  * Debugger is active!
[2015-12-25 14:52:30,768] {_internal.py:87} INFO -  * Debugger pin code: 678-916-927
[2015-12-25 14:52:42,838] {_internal.py:87} INFO -  * Detected change in '/home/murtaza/Documents/Transferret/APIs/PostReview/post_review.py', reloading
[2015-12-25 14:52:42,859] {_internal.py:87} INFO -  * Restarting with stat
[2015-12-25 14:52:42,999] {post_review.py:26} DEBUG - started app
[2015-12-25 14:52:43,008] {_internal.py:87} WARNING -  * Debugger is active!
[2015-12-25 14:52:43,010] {_internal.py:87} INFO -  * Debugger pin code: 678-916-927
[2015-12-25 14:53:10,164] {_internal.py:87} INFO -  * Detected change in '/home/murtaza/Documents/Transferret/APIs/PostReview/post_review.py', reloading
[2015-12-25 14:53:10,182] {_internal.py:87} INFO -  * Restarting with stat
[2015-12-25 14:53:10,324] {post_review.py:26} DEBUG - started app
[2015-12-25 14:53:10,333] {_internal.py:87} WARNING -  * Debugger is active!
[2015-12-25 14:53:10,335] {_internal.py:87} INFO -  * Debugger pin code: 678-916-927
[2015-12-25 14:53:15,586] {post_review.py:104} ERROR - %d format: a number is required, not str
[2015-12-25 14:53:15,619] {_internal.py:87} INFO - 127.0.0.1 - - [25/Dec/2015 14:53:15] "POST /postreview HTTP/1.1" 200 -
[2015-12-25 14:53:25,405] {_internal.py:87} INFO -  * Detected change in '/home/murtaza/Documents/Transferret/APIs/PostReview/post_review.py', reloading
[2015-12-25 14:53:25,425] {_internal.py:87} INFO -  * Restarting with stat
[2015-12-25 14:53:25,565] {post_review.py:26} DEBUG - started app
[2015-12-25 14:53:25,574] {_internal.py:87} WARNING -  * Debugger is active!
[2015-12-25 14:53:25,576] {_internal.py:87} INFO -  * Debugger pin code: 678-916-927
[2015-12-25 14:53:28,173] {post_review.py:105} ERROR - %d format: a number is required, not str
[2015-12-25 14:53:28,174] {_internal.py:87} INFO - 127.0.0.1 - - [25/Dec/2015 14:53:28] "POST /postreview HTTP/1.1" 200 -
[2015-12-25 14:53:31,642] {post_review.py:105} ERROR - %d format: a number is required, not str
[2015-12-25 14:53:31,644] {_internal.py:87} INFO - 127.0.0.1 - - [25/Dec/2015 14:53:31] "POST /postreview HTTP/1.1" 200 -
[2015-12-25 14:53:39,650] {_internal.py:87} INFO -  * Detected change in '/home/murtaza/Documents/Transferret/APIs/PostReview/post_review.py', reloading
[2015-12-25 14:53:39,669] {_internal.py:87} INFO -  * Restarting with stat
[2015-12-25 14:53:39,808] {post_review.py:26} DEBUG - started app
[2015-12-25 14:53:39,817] {_internal.py:87} WARNING -  * Debugger is active!
[2015-12-25 14:53:39,820] {_internal.py:87} INFO -  * Debugger pin code: 678-916-927
[2015-12-25 14:53:48,874] {_internal.py:87} INFO -  * Detected change in '/home/murtaza/Documents/Transferret/APIs/PostReview/post_review.py', reloading
[2015-12-25 14:53:48,901] {_internal.py:87} INFO -  * Restarting with stat
[2015-12-25 14:53:49,048] {post_review.py:26} DEBUG - started app
[2015-12-25 14:53:49,057] {_internal.py:87} WARNING -  * Debugger is active!
[2015-12-25 14:53:49,060] {_internal.py:87} INFO -  * Debugger pin code: 678-916-927
[2015-12-25 14:53:51,803] {post_review.py:105} ERROR - %d format: a number is required, not str
[2015-12-25 14:53:51,805] {_internal.py:87} INFO - 127.0.0.1 - - [25/Dec/2015 14:53:51] "POST /postreview HTTP/1.1" 200 -
[2015-12-25 14:54:52,381] {_internal.py:87} INFO -  * Detected change in '/home/murtaza/Documents/Transferret/APIs/PostReview/post_review.py', reloading
[2015-12-25 14:54:52,404] {_internal.py:87} INFO -  * Restarting with stat
[2015-12-25 14:54:52,541] {post_review.py:26} DEBUG - started app
[2015-12-25 14:54:52,550] {_internal.py:87} WARNING -  * Debugger is active!
[2015-12-25 14:54:52,552] {_internal.py:87} INFO -  * Debugger pin code: 678-916-927
[2015-12-25 14:55:07,638] {_internal.py:87} INFO -  * Detected change in '/home/murtaza/Documents/Transferret/APIs/PostReview/post_review.py', reloading
[2015-12-25 14:55:07,661] {_internal.py:87} INFO -  * Restarting with stat
[2015-12-25 14:55:07,823] {post_review.py:26} DEBUG - started app
[2015-12-25 14:55:07,834] {_internal.py:87} WARNING -  * Debugger is active!
[2015-12-25 14:55:07,838] {_internal.py:87} INFO -  * Debugger pin code: 678-916-927
[2015-12-25 14:55:09,056] {post_review.py:105} ERROR - %d format: a number is required, not str
[2015-12-25 14:55:09,057] {_internal.py:87} INFO - 127.0.0.1 - - [25/Dec/2015 14:55:09] "POST /postreview HTTP/1.1" 200 -
[2015-12-25 14:55:47,054] {_internal.py:87} INFO -  * Detected change in '/home/murtaza/Documents/Transferret/APIs/PostReview/post_review.py', reloading
[2015-12-25 14:55:47,078] {_internal.py:87} INFO -  * Restarting with stat
[2015-12-25 14:55:47,243] {post_review.py:26} DEBUG - started app
[2015-12-25 14:55:47,252] {_internal.py:87} WARNING -  * Debugger is active!
[2015-12-25 14:55:47,254] {_internal.py:87} INFO -  * Debugger pin code: 678-916-927
[2015-12-25 14:57:10,711] {_internal.py:87} INFO -  * Detected change in '/home/murtaza/Documents/Transferret/APIs/PostReview/post_review.py', reloading
[2015-12-25 14:57:10,736] {_internal.py:87} INFO -  * Restarting with stat
[2015-12-25 14:57:10,885] {post_review.py:26} DEBUG - started app
[2015-12-25 14:57:10,894] {_internal.py:87} WARNING -  * Debugger is active!
[2015-12-25 14:57:10,896] {_internal.py:87} INFO -  * Debugger pin code: 678-916-927
[2015-12-25 14:57:20,955] {_internal.py:87} INFO -  * Detected change in '/home/murtaza/Documents/Transferret/APIs/PostReview/post_review.py', reloading
[2015-12-25 14:57:20,973] {_internal.py:87} INFO -  * Restarting with stat
[2015-12-25 14:57:21,118] {post_review.py:26} DEBUG - started app
[2015-12-25 14:57:21,128] {_internal.py:87} WARNING -  * Debugger is active!
[2015-12-25 14:57:21,131] {_internal.py:87} INFO -  * Debugger pin code: 678-916-927
[2015-12-25 14:57:26,164] {_internal.py:87} INFO -  * Detected change in '/home/murtaza/Documents/Transferret/APIs/PostReview/post_review.py', reloading
[2015-12-25 14:57:26,182] {_internal.py:87} INFO -  * Restarting with stat
[2015-12-25 14:57:26,352] {post_review.py:26} DEBUG - started app
[2015-12-25 14:57:26,361] {_internal.py:87} WARNING -  * Debugger is active!
[2015-12-25 14:57:26,364] {_internal.py:87} INFO -  * Debugger pin code: 678-916-927
[2015-12-25 14:57:32,448] {post_review.py:26} DEBUG - started app
[2015-12-25 14:57:52,739] {post_review.py:26} DEBUG - started app
[2015-12-25 14:58:07,859] {post_review.py:26} DEBUG - started app
[2015-12-25 14:58:07,874] {_internal.py:87} INFO -  * Restarting with stat
[2015-12-25 14:58:08,008] {post_review.py:26} DEBUG - started app
[2015-12-25 14:58:08,017] {_internal.py:87} WARNING -  * Debugger is active!
[2015-12-25 14:58:08,020] {_internal.py:87} INFO -  * Debugger pin code: 678-916-927
[2015-12-25 14:58:11,851] {post_review.py:105} ERROR - %d format: a number is required, not str
[2015-12-25 14:58:11,853] {_internal.py:87} INFO - 127.0.0.1 - - [25/Dec/2015 14:58:11] "POST /postreview HTTP/1.1" 200 -
[2015-12-25 14:58:58,273] {_internal.py:87} INFO -  * Detected change in '/home/murtaza/Documents/Transferret/APIs/PostReview/post_review.py', reloading
[2015-12-25 14:58:58,294] {_internal.py:87} INFO -  * Restarting with stat
[2015-12-25 14:58:58,438] {post_review.py:26} DEBUG - started app
[2015-12-25 14:58:58,450] {_internal.py:87} WARNING -  * Debugger is active!
[2015-12-25 14:58:58,452] {_internal.py:87} INFO -  * Debugger pin code: 678-916-927
[2015-12-25 15:00:05,834] {_internal.py:87} INFO -  * Detected change in '/home/murtaza/Documents/Transferret/APIs/PostReview/post_review.py', reloading
[2015-12-25 15:00:05,853] {_internal.py:87} INFO -  * Restarting with stat
[2015-12-25 15:00:06,001] {post_review.py:26} DEBUG - started app
[2015-12-25 15:00:06,011] {_internal.py:87} WARNING -  * Debugger is active!
[2015-12-25 15:00:06,013] {_internal.py:87} INFO -  * Debugger pin code: 678-916-927
[2015-12-25 15:00:22,100] {_internal.py:87} INFO -  * Detected change in '/home/murtaza/Documents/Transferret/APIs/PostReview/post_review.py', reloading
[2015-12-25 15:00:22,121] {_internal.py:87} INFO -  * Restarting with stat
[2015-12-25 15:00:22,276] {post_review.py:26} DEBUG - started app
[2015-12-25 15:00:22,286] {_internal.py:87} WARNING -  * Debugger is active!
[2015-12-25 15:00:22,288] {_internal.py:87} INFO -  * Debugger pin code: 678-916-927
[2015-12-25 15:00:47,437] {_internal.py:87} INFO -  * Detected change in '/home/murtaza/Documents/Transferret/APIs/PostReview/post_review.py', reloading
[2015-12-25 15:00:47,461] {_internal.py:87} INFO -  * Restarting with stat
[2015-12-25 15:00:47,611] {post_review.py:26} DEBUG - started app
[2015-12-25 15:00:47,620] {_internal.py:87} WARNING -  * Debugger is active!
[2015-12-25 15:00:47,623] {_internal.py:87} INFO -  * Debugger pin code: 678-916-927
[2015-12-25 15:00:55,069] {post_review.py:26} DEBUG - started app
[2015-12-25 15:00:55,083] {_internal.py:87} INFO -  * Restarting with stat
[2015-12-25 15:00:55,220] {post_review.py:26} DEBUG - started app
[2015-12-25 15:00:55,229] {_internal.py:87} WARNING -  * Debugger is active!
[2015-12-25 15:00:55,231] {_internal.py:87} INFO -  * Debugger pin code: 678-916-927
[2015-12-25 15:01:16,360] {_internal.py:87} INFO -  * Detected change in '/home/murtaza/Documents/Transferret/APIs/PostReview/post_review.py', reloading
[2015-12-25 15:01:16,380] {_internal.py:87} INFO -  * Restarting with stat
[2015-12-25 15:01:16,530] {post_review.py:26} DEBUG - started app
[2015-12-25 15:01:16,541] {_internal.py:87} WARNING -  * Debugger is active!
[2015-12-25 15:01:16,544] {_internal.py:87} INFO -  * Debugger pin code: 678-916-927
[2015-12-25 15:01:52,935] {post_review.py:26} DEBUG - started app
[2015-12-25 15:01:52,946] {_internal.py:87} INFO -  * Restarting with stat
[2015-12-25 15:01:53,082] {post_review.py:26} DEBUG - started app
[2015-12-25 15:01:53,091] {_internal.py:87} WARNING -  * Debugger is active!
[2015-12-25 15:01:53,094] {_internal.py:87} INFO -  * Debugger pin code: 678-916-927
[2015-12-25 15:02:56,294] {post_review.py:26} DEBUG - started app
[2015-12-25 15:02:56,305] {_internal.py:87} INFO -  * Restarting with stat
[2015-12-25 15:02:56,438] {post_review.py:26} DEBUG - started app
[2015-12-25 15:02:56,447] {_internal.py:87} WARNING -  * Debugger is active!
[2015-12-25 15:02:56,450] {_internal.py:87} INFO -  * Debugger pin code: 678-916-927
[2015-12-25 15:03:40,700] {_internal.py:87} INFO -  * Detected change in '/home/murtaza/Documents/Transferret/APIs/PostReview/post_review.py', reloading
[2015-12-25 15:03:40,726] {_internal.py:87} INFO -  * Restarting with stat
[2015-12-25 15:03:40,928] {post_review.py:26} DEBUG - started app
[2015-12-25 15:03:40,937] {_internal.py:87} WARNING -  * Debugger is active!
[2015-12-25 15:03:40,940] {_internal.py:87} INFO -  * Debugger pin code: 678-916-927
[2015-12-25 15:03:44,968] {_internal.py:87} INFO -  * Detected change in '/home/murtaza/Documents/Transferret/APIs/PostReview/post_review.py', reloading
[2015-12-25 15:03:44,988] {_internal.py:87} INFO -  * Restarting with stat
[2015-12-25 15:03:45,168] {post_review.py:26} DEBUG - started app
[2015-12-25 15:03:45,178] {_internal.py:87} WARNING -  * Debugger is active!
[2015-12-25 15:03:45,182] {_internal.py:87} INFO -  * Debugger pin code: 678-916-927
[2015-12-25 15:03:48,135] {post_review.py:26} DEBUG - started app
[2015-12-25 15:03:48,146] {_internal.py:87} INFO -  * Restarting with stat
[2015-12-25 15:03:48,280] {post_review.py:26} DEBUG - started app
[2015-12-25 15:03:48,289] {_internal.py:87} WARNING -  * Debugger is active!
[2015-12-25 15:03:48,291] {_internal.py:87} INFO -  * Debugger pin code: 678-916-927
[2015-12-25 15:03:53,502] {post_review.py:104} ERROR - global name 'Locality' is not defined
[2015-12-25 15:03:53,504] {_internal.py:87} INFO - 127.0.0.1 - - [25/Dec/2015 15:03:53] "POST /postreview HTTP/1.1" 200 -
[2015-12-25 15:04:16,429] {_internal.py:87} INFO -  * Detected change in '/home/murtaza/Documents/Transferret/APIs/PostReview/post_review.py', reloading
[2015-12-25 15:04:16,453] {_internal.py:87} INFO -  * Restarting with stat
[2015-12-25 15:04:16,602] {post_review.py:26} DEBUG - started app
[2015-12-25 15:04:16,611] {_internal.py:87} WARNING -  * Debugger is active!
[2015-12-25 15:04:16,614] {_internal.py:87} INFO -  * Debugger pin code: 678-916-927
[2015-12-25 15:04:20,340] {post_review.py:104} ERROR - %d format: a number is required, not str
[2015-12-25 15:04:20,342] {_internal.py:87} INFO - 127.0.0.1 - - [25/Dec/2015 15:04:20] "POST /postreview HTTP/1.1" 200 -
[2015-12-25 15:04:33,708] {_internal.py:87} INFO -  * Detected change in '/home/murtaza/Documents/Transferret/APIs/PostReview/post_review.py', reloading
[2015-12-25 15:04:33,729] {_internal.py:87} INFO -  * Restarting with stat
[2015-12-25 15:04:33,868] {post_review.py:26} DEBUG - started app
[2015-12-25 15:04:33,878] {_internal.py:87} WARNING -  * Debugger is active!
[2015-12-25 15:04:33,880] {_internal.py:87} INFO -  * Debugger pin code: 678-916-927
[2015-12-25 15:04:36,069] {_internal.py:87} INFO - 127.0.0.1 - - [25/Dec/2015 15:04:36] "POST /postreview HTTP/1.1" 200 -
[2015-12-25 15:08:09,936] {_internal.py:87} INFO -  * Detected change in '/home/murtaza/Documents/Transferret/APIs/PostReview/post_review.py', reloading
[2015-12-25 15:08:09,956] {_internal.py:87} INFO -  * Restarting with stat
[2015-12-25 15:08:10,088] {post_review.py:26} DEBUG - started app
[2015-12-25 15:08:10,097] {_internal.py:87} WARNING -  * Debugger is active!
[2015-12-25 15:08:10,099] {_internal.py:87} INFO -  * Debugger pin code: 678-916-927
[2015-12-25 15:08:53,698] {_internal.py:87} INFO - 127.0.0.1 - - [25/Dec/2015 15:08:53] "POST /postreview HTTP/1.1" 200 -
[2015-12-25 15:09:00,689] {post_review.py:99} ERROR - Customer with the mobile number is not present
[2015-12-25 15:09:00,690] {_internal.py:87} INFO - 127.0.0.1 - - [25/Dec/2015 15:09:00] "POST /postreview HTTP/1.1" 200 -
[2015-12-25 15:09:14,326] {post_review.py:105} ERROR - invalid literal for int() with base 10: '3v'
[2015-12-25 15:09:14,328] {_internal.py:87} INFO - 127.0.0.1 - - [25/Dec/2015 15:09:14] "POST /postreview HTTP/1.1" 200 -
[2015-12-25 15:09:26,168] {post_review.py:96} ERROR - Locality does not exist
[2015-12-25 15:09:26,170] {_internal.py:87} INFO - 127.0.0.1 - - [25/Dec/2015 15:09:26] "POST /postreview HTTP/1.1" 200 -
[2015-12-25 15:10:14,711] {_internal.py:87} INFO -  * Detected change in '/home/murtaza/Documents/Transferret/APIs/PostReview/post_review.py', reloading
[2015-12-25 15:10:14,733] {_internal.py:87} INFO -  * Restarting with stat
[2015-12-25 15:10:14,872] {post_review.py:26} DEBUG - started app
[2015-12-25 15:10:14,881] {_internal.py:87} WARNING -  * Debugger is active!
[2015-12-25 15:10:14,883] {_internal.py:87} INFO -  * Debugger pin code: 678-916-927
[2015-12-25 15:12:38,570] {_internal.py:87} INFO -  * Detected change in '/home/murtaza/Documents/Transferret/APIs/server.py', reloading
[2015-12-25 15:12:38,589] {_internal.py:87} INFO -  * Restarting with stat
[2015-12-25 15:12:38,726] {post_review.py:26} DEBUG - started app
[2015-12-25 15:29:31,495] {post_review.py:26} DEBUG - started app
[2015-12-25 15:29:31,504] {_internal.py:87} WARNING -  * Debugger is active!
[2015-12-25 15:29:31,507] {_internal.py:87} INFO -  * Debugger pin code: 678-916-927
[2015-12-25 15:29:36,454] {post_review.py:26} DEBUG - started app
[2015-12-25 15:29:36,466] {_internal.py:87} INFO -  * Restarting with stat
[2015-12-25 15:29:36,602] {post_review.py:26} DEBUG - started app
[2015-12-25 15:29:36,611] {_internal.py:87} WARNING -  * Debugger is active!
[2015-12-25 15:29:36,614] {_internal.py:87} INFO -  * Debugger pin code: 678-916-927
[2015-12-25 15:30:34,446] {post_review.py:26} DEBUG - started app
[2015-12-25 15:30:34,458] {_internal.py:87} INFO -  * Restarting with stat
[2015-12-25 15:30:34,590] {post_review.py:26} DEBUG - started app
[2015-12-25 15:30:34,600] {_internal.py:87} WARNING -  * Debugger is active!
[2015-12-25 15:30:34,603] {_internal.py:87} INFO -  * Debugger pin code: 678-916-927
[2015-12-25 15:30:51,694] {post_review.py:26} DEBUG - started app
[2015-12-25 15:30:51,708] {_internal.py:87} INFO -  * Restarting with stat
[2015-12-25 15:30:51,845] {post_review.py:26} DEBUG - started app
[2015-12-25 15:30:51,854] {_internal.py:87} WARNING -  * Debugger is active!
[2015-12-25 15:30:51,857] {_internal.py:87} INFO -  * Debugger pin code: 678-916-927
[2015-12-25 15:31:33,778] {fetch_review.py:63} ERROR - No review found
[2015-12-25 15:31:33,780] {_internal.py:87} INFO - 127.0.0.1 - - [25/Dec/2015 15:31:33] "POST /fetchreview HTTP/1.1" 200 -
[2015-12-25 15:31:52,260] {_internal.py:87} INFO - 127.0.0.1 - - [25/Dec/2015 15:31:52] "POST /fetchreview HTTP/1.1" 200 -
[2015-12-25 15:32:38,534] {post_review.py:105} ERROR - (1062, "Duplicate entry '20' for key 'PRIMARY'")
[2015-12-25 15:32:38,535] {_internal.py:87} INFO - 127.0.0.1 - - [25/Dec/2015 15:32:38] "POST /postreview HTTP/1.1" 200 -
[2015-12-25 15:32:45,498] {post_review.py:105} ERROR - (1062, "Duplicate entry '20' for key 'PRIMARY'")
[2015-12-25 15:32:45,499] {_internal.py:87} INFO - 127.0.0.1 - - [25/Dec/2015 15:32:45] "POST /postreview HTTP/1.1" 200 -
[2015-12-25 15:33:32,055] {post_review.py:105} ERROR - (1242, 'Subquery returns more than 1 row')
[2015-12-25 15:33:32,057] {_internal.py:87} INFO - 127.0.0.1 - - [25/Dec/2015 15:33:32] "POST /postreview HTTP/1.1" 200 -
[2015-12-25 15:34:38,131] {_internal.py:87} INFO - 127.0.0.1 - - [25/Dec/2015 15:34:38] "POST /postreview HTTP/1.1" 200 -
[2015-12-25 15:34:42,658] {_internal.py:87} INFO - 127.0.0.1 - - [25/Dec/2015 15:34:42] "POST /fetchreview HTTP/1.1" 200 -
[2015-12-25 15:35:07,766] {_internal.py:87} INFO - 127.0.0.1 - - [25/Dec/2015 15:35:07] "POST /fetchreview HTTP/1.1" 200 -
[2015-12-25 15:37:08,689] {_internal.py:87} INFO -  * Detected change in '/home/murtaza/Documents/Transferret/APIs/FetchReview/fetch_review.py', reloading
[2015-12-25 15:37:08,709] {_internal.py:87} INFO -  * Restarting with stat
[2015-12-25 15:37:08,849] {post_review.py:26} DEBUG - started app
[2015-12-25 15:37:08,859] {_internal.py:87} WARNING -  * Debugger is active!
[2015-12-25 15:37:08,862] {_internal.py:87} INFO -  * Debugger pin code: 678-916-927
[2015-12-25 15:37:13,575] {fetch_review.py:70} ERROR - list index out of range
[2015-12-25 15:37:13,576] {_internal.py:87} INFO - 127.0.0.1 - - [25/Dec/2015 15:37:13] "POST /fetchreview HTTP/1.1" 200 -
[2015-12-25 15:38:26,232] {_internal.py:87} INFO -  * Detected change in '/home/murtaza/Documents/Transferret/APIs/FetchReview/fetch_review.py', reloading
[2015-12-25 15:38:26,253] {_internal.py:87} INFO -  * Restarting with stat
[2015-12-25 15:52:40,018] {post_review.py:26} DEBUG - started app
[2015-12-25 15:52:40,030] {_internal.py:87} INFO -  * Restarting with stat
[2015-12-25 15:52:40,168] {post_review.py:26} DEBUG - started app
[2015-12-25 15:52:40,178] {_internal.py:87} WARNING -  * Debugger is active!
[2015-12-25 15:52:40,180] {_internal.py:87} INFO -  * Debugger pin code: 678-916-927
[2015-12-25 15:56:45,440] {_internal.py:87} INFO -  * Detected change in '/home/murtaza/Documents/Transferret/APIs/FetchReview/fetch_review.py', reloading
[2015-12-25 15:56:45,475] {_internal.py:87} INFO -  * Restarting with stat
[2015-12-25 16:08:02,961] {post_review.py:26} DEBUG - started app
[2015-12-25 16:08:02,973] {_internal.py:87} INFO -  * Restarting with stat
[2015-12-25 16:08:03,106] {post_review.py:26} DEBUG - started app
[2015-12-25 16:08:03,115] {_internal.py:87} WARNING -  * Debugger is active!
[2015-12-25 16:08:03,117] {_internal.py:87} INFO -  * Debugger pin code: 678-916-927
[2015-12-25 16:08:07,931] {_internal.py:87} INFO - 127.0.0.1 - - [25/Dec/2015 16:08:07] "POST /fetchreview HTTP/1.1" 0 -
[2015-12-25 16:08:19,193] {_internal.py:87} INFO - 127.0.0.1 - - [25/Dec/2015 16:08:19] "POST /fetchreview HTTP/1.1" 0 -
[2015-12-25 16:08:20,064] {_internal.py:87} INFO - 127.0.0.1 - - [25/Dec/2015 16:08:20] "POST /fetchreview HTTP/1.1" 0 -
[2015-12-25 16:08:20,248] {_internal.py:87} INFO - 127.0.0.1 - - [25/Dec/2015 16:08:20] "POST /fetchreview HTTP/1.1" 0 -
[2015-12-25 16:08:20,457] {_internal.py:87} INFO - 127.0.0.1 - - [25/Dec/2015 16:08:20] "POST /fetchreview HTTP/1.1" 0 -
[2015-12-25 16:08:20,638] {_internal.py:87} INFO - 127.0.0.1 - - [25/Dec/2015 16:08:20] "POST /fetchreview HTTP/1.1" 0 -
[2015-12-25 16:09:12,456] {_internal.py:87} INFO -  * Detected change in '/home/murtaza/Documents/Transferret/APIs/FetchReview/fetch_review.py', reloading
[2015-12-25 16:09:12,476] {_internal.py:87} INFO -  * Restarting with stat
[2015-12-25 16:09:12,625] {post_review.py:26} DEBUG - started app
[2015-12-25 16:09:12,634] {_internal.py:87} WARNING -  * Debugger is active!
[2015-12-25 16:09:12,637] {_internal.py:87} INFO -  * Debugger pin code: 678-916-927
[2015-12-25 16:09:15,625] {_internal.py:87} INFO - 127.0.0.1 - - [25/Dec/2015 16:09:15] "POST /fetchreview HTTP/1.1" 200 -
[2015-12-25 16:09:18,930] {_internal.py:87} INFO - 127.0.0.1 - - [25/Dec/2015 16:09:18] "POST /fetchreview HTTP/1.1" 200 -
[2015-12-25 16:09:20,055] {_internal.py:87} INFO - 127.0.0.1 - - [25/Dec/2015 16:09:20] "POST /fetchreview HTTP/1.1" 200 -
[2015-12-25 16:11:53,679] {_internal.py:87} INFO - 127.0.0.1 - - [25/Dec/2015 16:11:53] "POST /fetchreview HTTP/1.1" 200 -
[2015-12-25 16:11:57,462] {_internal.py:87} INFO - 127.0.0.1 - - [25/Dec/2015 16:11:57] "POST /fetchreview HTTP/1.1" 200 -
[2015-12-25 16:12:15,513] {_internal.py:87} INFO -  * Detected change in '/home/murtaza/Documents/Transferret/APIs/FetchReview/fetch_review.py', reloading
[2015-12-25 16:12:15,535] {_internal.py:87} INFO -  * Restarting with stat
[2015-12-25 16:12:15,761] {post_review.py:26} DEBUG - started app
[2015-12-25 16:12:15,770] {_internal.py:87} WARNING -  * Debugger is active!
[2015-12-25 16:12:15,773] {_internal.py:87} INFO -  * Debugger pin code: 678-916-927
[2015-12-25 16:12:19,541] {_internal.py:87} INFO - 127.0.0.1 - - [25/Dec/2015 16:12:19] "POST /fetchreview HTTP/1.1" 200 -
[2015-12-25 16:12:37,891] {_internal.py:87} INFO -  * Detected change in '/home/murtaza/Documents/Transferret/APIs/FetchReview/fetch_review.py', reloading
[2015-12-25 16:12:37,914] {_internal.py:87} INFO -  * Restarting with stat
[2015-12-25 16:12:38,057] {post_review.py:26} DEBUG - started app
[2015-12-25 16:12:38,069] {_internal.py:87} WARNING -  * Debugger is active!
[2015-12-25 16:12:38,071] {_internal.py:87} INFO -  * Debugger pin code: 678-916-927
[2015-12-25 16:12:41,208] {_internal.py:87} INFO - 127.0.0.1 - - [25/Dec/2015 16:12:41] "POST /fetchreview HTTP/1.1" 500 -
[2015-12-25 16:17:14,375] {_internal.py:87} INFO -  * Detected change in '/home/murtaza/Documents/Transferret/APIs/FetchReview/fetch_review.py', reloading
[2015-12-25 16:17:14,404] {_internal.py:87} INFO -  * Restarting with stat
[2015-12-25 16:17:14,560] {post_review.py:26} DEBUG - started app
[2015-12-25 16:17:14,569] {_internal.py:87} WARNING -  * Debugger is active!
[2015-12-25 16:17:14,572] {_internal.py:87} INFO -  * Debugger pin code: 678-916-927
[2015-12-25 16:17:22,625] {_internal.py:87} INFO -  * Detected change in '/home/murtaza/Documents/Transferret/APIs/FetchReview/fetch_review.py', reloading
[2015-12-25 16:17:22,645] {_internal.py:87} INFO -  * Restarting with stat
[2015-12-25 16:17:22,795] {post_review.py:26} DEBUG - started app
[2015-12-25 16:17:22,805] {_internal.py:87} WARNING -  * Debugger is active!
[2015-12-25 16:17:22,807] {_internal.py:87} INFO -  * Debugger pin code: 678-916-927
[2015-12-25 16:17:28,615] {_internal.py:87} INFO - 127.0.0.1 - - [25/Dec/2015 16:17:28] "POST /fetchreview HTTP/1.1" 200 -
[2015-12-25 16:18:05,019] {_internal.py:87} INFO -  * Detected change in '/home/murtaza/Documents/Transferret/APIs/FetchReview/fetch_review.py', reloading
[2015-12-25 16:18:05,040] {_internal.py:87} INFO -  * Restarting with stat
[2015-12-25 16:18:21,573] {post_review.py:26} DEBUG - started app
[2015-12-25 16:18:21,586] {_internal.py:87} INFO -  * Restarting with stat
[2015-12-25 16:18:21,731] {post_review.py:26} DEBUG - started app
[2015-12-25 16:18:21,743] {_internal.py:87} WARNING -  * Debugger is active!
[2015-12-25 16:18:21,746] {_internal.py:87} INFO -  * Debugger pin code: 678-916-927
[2015-12-25 16:18:25,109] {_internal.py:87} INFO - 127.0.0.1 - - [25/Dec/2015 16:18:25] "POST /fetchreview HTTP/1.1" 200 -
[2015-12-25 16:25:29,850] {_internal.py:87} INFO -  * Detected change in '/home/murtaza/Documents/Transferret/APIs/FetchReview/fetch_review.py', reloading
[2015-12-25 16:25:29,869] {_internal.py:87} INFO -  * Restarting with stat
[2015-12-25 16:25:30,018] {post_review.py:26} DEBUG - started app
[2015-12-25 16:25:30,027] {_internal.py:87} WARNING -  * Debugger is active!
[2015-12-25 16:25:30,030] {_internal.py:87} INFO -  * Debugger pin code: 678-916-927
[2015-12-25 16:25:31,600] {_internal.py:87} INFO - 127.0.0.1 - - [25/Dec/2015 16:25:31] "POST /fetchreview HTTP/1.1" 200 -
[2015-12-25 16:26:02,184] {_internal.py:87} INFO -  * Detected change in '/home/murtaza/Documents/Transferret/APIs/FetchReview/fetch_review.py', reloading
[2015-12-25 16:26:02,206] {_internal.py:87} INFO -  * Restarting with stat
[2015-12-25 16:26:02,371] {post_review.py:26} DEBUG - started app
[2015-12-25 16:26:02,386] {_internal.py:87} WARNING -  * Debugger is active!
[2015-12-25 16:26:02,390] {_internal.py:87} INFO -  * Debugger pin code: 678-916-927
[2015-12-25 16:26:04,752] {_internal.py:87} INFO - 127.0.0.1 - - [25/Dec/2015 16:26:04] "POST /fetchreview HTTP/1.1" 200 -
[2015-12-25 16:26:21,496] {_internal.py:87} INFO -  * Detected change in '/home/murtaza/Documents/Transferret/APIs/FetchReview/fetch_review.py', reloading
[2015-12-25 16:26:21,519] {_internal.py:87} INFO -  * Restarting with stat
[2015-12-25 16:26:21,665] {post_review.py:26} DEBUG - started app
[2015-12-25 16:26:21,675] {_internal.py:87} WARNING -  * Debugger is active!
[2015-12-25 16:26:21,678] {_internal.py:87} INFO -  * Debugger pin code: 678-916-927
[2015-12-25 16:27:45,065] {_internal.py:87} INFO -  * Detected change in '/home/murtaza/Documents/Transferret/APIs/FetchReview/fetch_review.py', reloading
[2015-12-25 16:27:45,089] {_internal.py:87} INFO -  * Restarting with stat
[2015-12-25 16:27:45,627] {post_review.py:26} DEBUG - started app
[2015-12-25 16:27:45,654] {_internal.py:87} WARNING -  * Debugger is active!
[2015-12-25 16:27:45,672] {_internal.py:87} INFO -  * Debugger pin code: 678-916-927
[2015-12-25 16:27:50,712] {_internal.py:87} INFO -  * Detected change in '/home/murtaza/Documents/Transferret/APIs/FetchReview/fetch_review.py', reloading
[2015-12-25 16:27:50,734] {_internal.py:87} INFO -  * Restarting with stat
[2015-12-25 16:27:50,875] {post_review.py:26} DEBUG - started app
[2015-12-25 16:27:50,885] {_internal.py:87} WARNING -  * Debugger is active!
[2015-12-25 16:27:50,888] {_internal.py:87} INFO -  * Debugger pin code: 678-916-927
[2015-12-25 16:28:00,943] {_internal.py:87} INFO -  * Detected change in '/home/murtaza/Documents/Transferret/APIs/FetchReview/fetch_review.py', reloading
[2015-12-25 16:28:00,962] {_internal.py:87} INFO -  * Restarting with stat
[2015-12-25 16:28:01,105] {post_review.py:26} DEBUG - started app
[2015-12-25 16:28:01,115] {_internal.py:87} WARNING -  * Debugger is active!
[2015-12-25 16:28:01,118] {_internal.py:87} INFO -  * Debugger pin code: 678-916-927
[2015-12-25 16:28:09,161] {_internal.py:87} INFO -  * Detected change in '/home/murtaza/Documents/Transferret/APIs/FetchReview/fetch_review.py', reloading
[2015-12-25 16:28:09,185] {_internal.py:87} INFO -  * Restarting with stat
[2015-12-25 16:28:09,380] {post_review.py:26} DEBUG - started app
[2015-12-25 16:28:09,392] {_internal.py:87} WARNING -  * Debugger is active!
[2015-12-25 16:28:09,395] {_internal.py:87} INFO -  * Debugger pin code: 678-916-927
[2015-12-26 08:49:31,092] {_internal.py:87} INFO -  * Detected change in '/home/murtaza/Documents/Transferret/APIs/FetchReview/fetch_review.py', reloading
[2015-12-26 08:49:31,117] {_internal.py:87} INFO -  * Restarting with stat
[2015-12-26 08:49:31,466] {post_review.py:26} DEBUG - started app
[2015-12-26 08:49:31,476] {_internal.py:87} WARNING -  * Debugger is active!
[2015-12-26 08:49:31,497] {_internal.py:87} INFO -  * Debugger pin code: 678-916-927
[2015-12-26 08:49:34,416] {_internal.py:87} INFO - 127.0.0.1 - - [26/Dec/2015 08:49:34] "POST /fetchreview HTTP/1.1" 200 -
[2015-12-26 08:49:47,582] {_internal.py:87} INFO -  * Detected change in '/home/murtaza/Documents/Transferret/APIs/FetchReview/fetch_review.py', reloading
[2015-12-26 08:49:47,610] {_internal.py:87} INFO -  * Restarting with stat
[2015-12-26 08:49:47,752] {post_review.py:26} DEBUG - started app
[2015-12-26 08:49:47,761] {_internal.py:87} WARNING -  * Debugger is active!
[2015-12-26 08:49:47,764] {_internal.py:87} INFO -  * Debugger pin code: 678-916-927
[2015-12-26 08:49:50,009] {_internal.py:87} INFO - 127.0.0.1 - - [26/Dec/2015 08:49:50] "POST /fetchreview HTTP/1.1" 200 -
[2015-12-26 08:50:28,969] {_internal.py:87} INFO -  * Detected change in '/home/murtaza/Documents/Transferret/APIs/FetchReview/fetch_review.py', reloading
[2015-12-26 08:50:28,989] {_internal.py:87} INFO -  * Restarting with stat
[2015-12-26 08:50:29,125] {post_review.py:26} DEBUG - started app
[2015-12-26 08:50:29,134] {_internal.py:87} WARNING -  * Debugger is active!
[2015-12-26 08:50:29,137] {_internal.py:87} INFO -  * Debugger pin code: 678-916-927
[2015-12-26 08:50:31,524] {_internal.py:87} INFO - 127.0.0.1 - - [26/Dec/2015 08:50:31] "POST /fetchreview HTTP/1.1" 200 -
[2015-12-26 08:51:07,171] {post_review.py:105} ERROR - (1062, "Duplicate entry '20' for key 'PRIMARY'")
[2015-12-26 08:51:07,173] {_internal.py:87} INFO - 127.0.0.1 - - [26/Dec/2015 08:51:07] "POST /postreview HTTP/1.1" 200 -
[2015-12-26 08:54:51,309] {_internal.py:87} INFO -  * Detected change in '/home/murtaza/Documents/Transferret/APIs/FetchReview/fetch_review.py', reloading
[2015-12-26 08:54:51,332] {_internal.py:87} INFO -  * Restarting with stat
[2015-12-26 08:54:51,484] {post_review.py:26} DEBUG - started app
[2015-12-26 08:54:51,494] {_internal.py:87} WARNING -  * Debugger is active!
[2015-12-26 08:54:51,497] {_internal.py:87} INFO -  * Debugger pin code: 678-916-927
[2015-12-26 08:54:54,478] {_internal.py:87} INFO - 127.0.0.1 - - [26/Dec/2015 08:54:54] "POST /fetchreview HTTP/1.1" 200 -
[2015-12-26 08:55:32,707] {_internal.py:87} INFO -  * Detected change in '/home/murtaza/Documents/Transferret/APIs/FetchReview/fetch_review.py', reloading
[2015-12-26 08:55:32,728] {_internal.py:87} INFO -  * Restarting with stat
[2015-12-26 08:55:32,873] {post_review.py:26} DEBUG - started app
[2015-12-26 08:55:32,882] {_internal.py:87} WARNING -  * Debugger is active!
[2015-12-26 08:55:32,885] {_internal.py:87} INFO -  * Debugger pin code: 678-916-927
[2015-12-26 08:55:35,568] {_internal.py:87} INFO - 127.0.0.1 - - [26/Dec/2015 08:55:35] "POST /fetchreview HTTP/1.1" 200 -
[2015-12-26 08:55:45,952] {_internal.py:87} INFO -  * Detected change in '/home/murtaza/Documents/Transferret/APIs/FetchReview/fetch_review.py', reloading
[2015-12-26 08:55:45,972] {_internal.py:87} INFO -  * Restarting with stat
[2015-12-26 08:55:46,121] {post_review.py:26} DEBUG - started app
[2015-12-26 08:55:46,132] {_internal.py:87} WARNING -  * Debugger is active!
[2015-12-26 08:55:46,134] {_internal.py:87} INFO -  * Debugger pin code: 678-916-927
[2015-12-27 14:56:24,406] {post_review.py:26} DEBUG - started app
[2015-12-27 14:56:50,073] {post_review.py:26} DEBUG - started app
[2015-12-27 14:57:45,469] {post_review.py:26} DEBUG - started app
[2015-12-27 14:58:02,127] {post_review.py:26} DEBUG - started app
[2015-12-27 14:58:02,344] {_internal.py:87} INFO -  * Restarting with stat
[2015-12-27 14:58:02,490] {post_review.py:26} DEBUG - started app
[2015-12-27 14:58:02,500] {_internal.py:87} WARNING -  * Debugger is active!
[2015-12-27 14:58:02,572] {_internal.py:87} INFO -  * Debugger pin code: 678-916-927
[2015-12-27 14:58:29,428] {fetch_premium_ad.py:68} ERROR - (1064, "You have an error in your SQL syntax; check the manual that corresponds to your MySQL server version for the right syntax to use near '(SELECT Count FROM AdCount WHERE Type = '1')' at line 4")
[2015-12-27 14:58:29,554] {_internal.py:87} INFO - 127.0.0.1 - - [27/Dec/2015 14:58:29] "POST /fetchpremiumad HTTP/1.1" 200 -
[2015-12-27 14:59:34,080] {_internal.py:87} INFO -  * Detected change in '/home/murtaza/Documents/Transferret/APIs/FetchPremiumAd/fetch_premium_ad.py', reloading
[2015-12-27 14:59:34,097] {_internal.py:87} INFO -  * Restarting with stat
[2015-12-27 14:59:34,234] {post_review.py:26} DEBUG - started app
[2015-12-27 14:59:34,245] {_internal.py:87} WARNING -  * Debugger is active!
[2015-12-27 14:59:34,255] {_internal.py:87} INFO -  * Debugger pin code: 678-916-927
[2015-12-27 14:59:36,940] {fetch_premium_ad.py:68} ERROR - (1146, "Table 'whizzbuy.ProdPremiumAdList' doesn't exist")
[2015-12-27 14:59:36,942] {_internal.py:87} INFO - 127.0.0.1 - - [27/Dec/2015 14:59:36] "POST /fetchpremiumad HTTP/1.1" 200 -
[2015-12-27 15:00:17,481] {_internal.py:87} INFO -  * Detected change in '/home/murtaza/Documents/Transferret/APIs/FetchPremiumAd/fetch_premium_ad.py', reloading
[2015-12-27 15:00:17,506] {_internal.py:87} INFO -  * Restarting with stat
[2015-12-27 15:00:17,664] {post_review.py:26} DEBUG - started app
[2015-12-27 15:00:17,675] {_internal.py:87} WARNING -  * Debugger is active!
[2015-12-27 15:00:17,678] {_internal.py:87} INFO -  * Debugger pin code: 678-916-927
[2015-12-27 15:00:20,531] {fetch_premium_ad.py:68} ERROR - (1146, "Table 'whizzbuy.AdList' doesn't exist")
[2015-12-27 15:00:20,608] {_internal.py:87} INFO - 127.0.0.1 - - [27/Dec/2015 15:00:20] "POST /fetchpremiumad HTTP/1.1" 200 -
[2015-12-27 15:00:39,780] {_internal.py:87} INFO -  * Detected change in '/home/murtaza/Documents/Transferret/APIs/FetchPremiumAd/fetch_premium_ad.py', reloading
[2015-12-27 15:00:39,804] {_internal.py:87} INFO -  * Restarting with stat
[2015-12-27 15:00:39,962] {post_review.py:26} DEBUG - started app
[2015-12-27 15:00:39,973] {_internal.py:87} WARNING -  * Debugger is active!
[2015-12-27 15:00:39,976] {_internal.py:87} INFO -  * Debugger pin code: 678-916-927
[2015-12-27 15:00:42,121] {fetch_premium_ad.py:68} ERROR - (1146, "Table 'whizzbuy.adlist' doesn't exist")
[2015-12-27 15:00:42,123] {_internal.py:87} INFO - 127.0.0.1 - - [27/Dec/2015 15:00:42] "POST /fetchpremiumad HTTP/1.1" 200 -
[2015-12-27 15:01:24,189] {_internal.py:87} INFO -  * Detected change in '/home/murtaza/Documents/Transferret/APIs/FetchPremiumAd/fetch_premium_ad.py', reloading
[2015-12-27 15:01:24,212] {_internal.py:87} INFO -  * Restarting with stat
[2015-12-27 15:01:24,349] {post_review.py:26} DEBUG - started app
[2015-12-27 15:01:24,360] {_internal.py:87} WARNING -  * Debugger is active!
[2015-12-27 15:01:24,363] {_internal.py:87} INFO -  * Debugger pin code: 678-916-927
[2015-12-27 15:01:28,538] {fetch_premium_ad.py:68} ERROR - (1054, "Unknown column 'TypeMarker' in 'where clause'")
[2015-12-27 15:01:28,539] {_internal.py:87} INFO - 127.0.0.1 - - [27/Dec/2015 15:01:28] "POST /fetchpremiumad HTTP/1.1" 200 -
[2015-12-27 15:01:30,912] {fetch_premium_ad.py:68} ERROR - (1054, "Unknown column 'TypeMarker' in 'where clause'")
[2015-12-27 15:01:30,986] {_internal.py:87} INFO - 127.0.0.1 - - [27/Dec/2015 15:01:30] "POST /fetchpremiumad HTTP/1.1" 200 -
[2015-12-27 15:03:05,809] {_internal.py:87} INFO -  * Detected change in '/home/murtaza/Documents/Transferret/APIs/FetchPremiumAd/fetch_premium_ad.py', reloading
[2015-12-27 15:03:05,826] {_internal.py:87} INFO -  * Restarting with stat
[2015-12-27 15:03:05,975] {post_review.py:26} DEBUG - started app
[2015-12-27 15:03:05,986] {_internal.py:87} WARNING -  * Debugger is active!
[2015-12-27 15:03:05,989] {_internal.py:87} INFO -  * Debugger pin code: 678-916-927
[2015-12-27 15:03:36,123] {_internal.py:87} INFO -  * Detected change in '/home/murtaza/Documents/Transferret/APIs/FetchPremiumAd/fetch_premium_ad.py', reloading
[2015-12-27 15:03:36,147] {_internal.py:87} INFO -  * Restarting with stat
[2015-12-27 15:03:36,321] {post_review.py:26} DEBUG - started app
[2015-12-27 15:03:36,339] {_internal.py:87} WARNING -  * Debugger is active!
[2015-12-27 15:03:36,342] {_internal.py:87} INFO -  * Debugger pin code: 678-916-927
[2015-12-27 15:03:42,234] {fetch_premium_ad.py:64} ERROR - No review found
[2015-12-27 15:03:42,236] {_internal.py:87} INFO - 127.0.0.1 - - [27/Dec/2015 15:03:42] "POST /fetchpremiumad HTTP/1.1" 200 -
[2015-12-27 15:05:06,743] {_internal.py:87} INFO -  * Detected change in '/home/murtaza/Documents/Transferret/APIs/FetchPremiumAd/fetch_premium_ad.py', reloading
[2015-12-27 15:05:06,765] {_internal.py:87} INFO -  * Restarting with stat
[2015-12-27 15:05:06,914] {post_review.py:26} DEBUG - started app
[2015-12-27 15:05:06,924] {_internal.py:87} WARNING -  * Debugger is active!
[2015-12-27 15:05:06,927] {_internal.py:87} INFO -  * Debugger pin code: 678-916-927
[2015-12-27 15:05:09,755] {fetch_premium_ad.py:64} ERROR - No review found
[2015-12-27 15:05:09,757] {_internal.py:87} INFO - 127.0.0.1 - - [27/Dec/2015 15:05:09] "POST /fetchpremiumad HTTP/1.1" 200 -
[2015-12-27 15:06:06,195] {_internal.py:87} INFO -  * Detected change in '/home/murtaza/Documents/Transferret/APIs/FetchPremiumAd/fetch_premium_ad.py', reloading
[2015-12-27 15:06:06,219] {_internal.py:87} INFO -  * Restarting with stat
[2015-12-27 15:06:06,375] {post_review.py:26} DEBUG - started app
[2015-12-27 15:06:06,386] {_internal.py:87} WARNING -  * Debugger is active!
[2015-12-27 15:06:06,389] {_internal.py:87} INFO -  * Debugger pin code: 678-916-927
[2015-12-28 13:26:44,855] {fetch_premium_ad.py:64} ERROR - No ads found
[2015-12-28 13:26:45,301] {_internal.py:87} INFO - 127.0.0.1 - - [28/Dec/2015 13:26:45] "POST /fetchpremiumad HTTP/1.1" 200 -
[2015-12-28 13:28:14,344] {_internal.py:87} INFO -  * Detected change in '/home/murtaza/Documents/Transferret/APIs/FetchPremiumAd/fetch_premium_ad.py', reloading
[2015-12-28 13:28:14,686] {_internal.py:87} INFO -  * Restarting with stat
[2015-12-28 13:28:17,989] {post_review.py:26} DEBUG - started app
[2015-12-28 13:28:18,099] {_internal.py:87} WARNING -  * Debugger is active!
[2015-12-28 13:28:18,123] {_internal.py:87} INFO -  * Debugger pin code: 678-916-927
[2015-12-28 13:34:08,078] {_internal.py:87} INFO - 127.0.0.1 - - [28/Dec/2015 13:34:08] "POST /fetchpremiumad HTTP/1.1" 200 -
[2015-12-28 13:36:12,257] {_internal.py:87} INFO -  * Detected change in '/home/murtaza/Documents/Transferret/APIs/FetchPremiumAd/fetch_premium_ad.py', reloading
[2015-12-28 13:36:12,341] {_internal.py:87} INFO -  * Restarting with stat
[2015-12-28 13:36:14,449] {post_review.py:26} DEBUG - started app
[2015-12-28 13:37:10,510] {post_review.py:26} DEBUG - started app
[2015-12-28 13:37:23,115] {post_review.py:26} DEBUG - started app
[2015-12-28 13:37:23,278] {_internal.py:87} INFO -  * Restarting with stat
[2015-12-28 13:37:23,426] {post_review.py:26} DEBUG - started app
[2015-12-28 13:37:23,435] {_internal.py:87} WARNING -  * Debugger is active!
[2015-12-28 13:37:23,444] {_internal.py:87} INFO -  * Debugger pin code: 678-916-927
[2015-12-28 13:40:15,274] {post_review.py:26} DEBUG - started app
[2015-12-28 13:40:15,324] {_internal.py:87} INFO -  * Restarting with stat
[2015-12-28 13:40:15,466] {post_review.py:26} DEBUG - started app
[2015-12-28 13:40:15,521] {_internal.py:87} WARNING -  * Debugger is active!
[2015-12-28 13:40:15,548] {_internal.py:87} INFO -  * Debugger pin code: 678-916-927
[2015-12-28 13:54:49,777] {_internal.py:87} INFO -  * Detected change in '/home/murtaza/Documents/Transferret/APIs/FetchPremiumAd/fetch_premium_ad.py', reloading
[2015-12-28 13:54:49,914] {_internal.py:87} INFO -  * Restarting with stat
[2015-12-28 13:54:51,022] {post_review.py:26} DEBUG - started app
[2015-12-28 13:54:51,174] {_internal.py:87} WARNING -  * Debugger is active!
[2015-12-28 13:54:51,191] {_internal.py:87} INFO -  * Debugger pin code: 678-916-927
[2015-12-28 13:54:54,431] {_internal.py:87} INFO - 127.0.0.1 - - [28/Dec/2015 13:54:54] "POST /fetchpremiumad HTTP/1.1" 200 -
[2015-12-28 13:55:04,408] {_internal.py:87} INFO -  * Detected change in '/home/murtaza/Documents/Transferret/APIs/FetchPremiumAd/fetch_premium_ad.py', reloading
[2015-12-28 13:55:04,610] {_internal.py:87} INFO -  * Restarting with stat
[2015-12-28 13:55:04,756] {post_review.py:26} DEBUG - started app
[2015-12-28 13:55:04,767] {_internal.py:87} WARNING -  * Debugger is active!
[2015-12-28 13:55:04,785] {_internal.py:87} INFO -  * Debugger pin code: 678-916-927
[2015-12-28 13:59:29,986] {_internal.py:87} INFO -  * Detected change in '/home/murtaza/Documents/Transferret/APIs/server.py', reloading
[2015-12-28 13:59:30,004] {_internal.py:87} INFO -  * Restarting with stat
[2015-12-28 13:59:30,147] {post_review.py:26} DEBUG - started app
[2015-12-28 13:59:30,186] {_internal.py:87} WARNING -  * Debugger is active!
[2015-12-28 13:59:30,188] {_internal.py:87} INFO -  * Debugger pin code: 678-916-927
[2015-12-28 13:59:43,230] {post_review.py:26} DEBUG - started app
[2015-12-28 13:59:43,251] {_internal.py:87} INFO -  * Restarting with stat
[2015-12-28 13:59:43,475] {post_review.py:26} DEBUG - started app
[2015-12-28 13:59:43,486] {_internal.py:87} WARNING -  * Debugger is active!
[2015-12-28 13:59:43,489] {_internal.py:87} INFO -  * Debugger pin code: 678-916-927
[2015-12-28 13:59:59,423] {_internal.py:87} INFO - 127.0.0.1 - - [28/Dec/2015 13:59:59] "POST /fetchpremiumad HTTP/1.1" 200 -
[2015-12-28 14:00:17,154] {_internal.py:87} INFO - 127.0.0.1 - - [28/Dec/2015 14:00:17] "POST /fetchstandardad HTTP/1.1" 200 -
[2015-12-28 14:01:21,926] {_internal.py:87} INFO -  * Detected change in '/home/murtaza/Documents/Transferret/APIs/FetchStandardAd/fetch_standard_ad.py', reloading
[2015-12-28 14:01:21,948] {_internal.py:87} INFO -  * Restarting with stat
[2015-12-28 14:01:22,091] {post_review.py:26} DEBUG - started app
[2015-12-28 14:01:22,103] {_internal.py:87} WARNING -  * Debugger is active!
[2015-12-28 14:01:22,106] {_internal.py:87} INFO -  * Debugger pin code: 678-916-927
[2015-12-28 14:02:12,339] {_internal.py:87} INFO -  * Detected change in '/home/murtaza/Documents/Transferret/APIs/FetchStandardAd/fetch_standard_ad.py', reloading
[2015-12-28 14:02:12,360] {_internal.py:87} INFO -  * Restarting with stat
[2015-12-28 14:02:12,502] {post_review.py:26} DEBUG - started app
[2015-12-28 14:02:12,514] {_internal.py:87} WARNING -  * Debugger is active!
[2015-12-28 14:02:12,517] {_internal.py:87} INFO -  * Debugger pin code: 678-916-927
[2015-12-28 14:02:21,572] {_internal.py:87} INFO -  * Detected change in '/home/murtaza/Documents/Transferret/APIs/FetchStandardAd/fetch_standard_ad.py', reloading
[2015-12-28 14:02:21,595] {_internal.py:87} INFO -  * Restarting with stat
[2015-12-28 14:02:21,744] {post_review.py:26} DEBUG - started app
[2015-12-28 14:02:21,755] {_internal.py:87} WARNING -  * Debugger is active!
[2015-12-28 14:02:21,758] {_internal.py:87} INFO -  * Debugger pin code: 678-916-927
[2015-12-28 14:05:39,538] {_internal.py:87} INFO - 127.0.0.1 - - [28/Dec/2015 14:05:39] "POST /fetchstandardad HTTP/1.1" 200 -
[2015-12-28 22:42:14,601] {post_review.py:26} DEBUG - started app
[2015-12-28 22:42:14,898] {_internal.py:87} INFO -  * Restarting with stat
[2015-12-28 22:42:15,273] {post_review.py:26} DEBUG - started app
[2015-12-28 22:42:15,305] {_internal.py:87} WARNING -  * Debugger is active!
[2015-12-28 22:42:15,305] {_internal.py:87} INFO -  * Debugger pin code: 895-991-654
[2015-12-28 23:56:10,723] {post_review.py:26} DEBUG - started app
[2015-12-28 23:56:10,737] {_internal.py:87} INFO -  * Restarting with stat
[2015-12-28 23:56:11,102] {post_review.py:26} DEBUG - started app
[2015-12-28 23:56:11,134] {_internal.py:87} WARNING -  * Debugger is active!
[2015-12-28 23:56:11,134] {_internal.py:87} INFO -  * Debugger pin code: 895-991-654
[2015-12-28 23:59:33,328] {fetch_premium_ad.py:80} ERROR - (1146, "Table 'whizzbuy.advertlist' doesn't exist")
[2015-12-28 23:59:33,332] {_internal.py:87} INFO - 127.0.0.1 - - [28/Dec/2015 23:59:33] "POST /fetchpremiumad HTTP/1.1" 200 -
[2015-12-29 00:00:11,878] {_internal.py:87} INFO -  * Detected change in 'C:\\Python27\\APIs (5)\\APIs\\server.py', reloading
[2015-12-29 00:00:11,940] {_internal.py:87} INFO -  * Restarting with stat
[2015-12-29 00:00:12,299] {post_review.py:26} DEBUG - started app
[2015-12-29 00:00:12,315] {_internal.py:87} WARNING -  * Debugger is active!
[2015-12-29 00:00:12,315] {_internal.py:87} INFO -  * Debugger pin code: 895-991-654
[2015-12-29 00:00:17,681] {_internal.py:87} INFO - 127.0.0.1 - - [29/Dec/2015 00:00:17] "POST /fetchpremiumad HTTP/1.1" 200 -
[2015-12-29 00:01:37,178] {_internal.py:87} INFO -  * Detected change in 'C:\\Python27\\APIs (5)\\APIs\\FetchPremiumAd\\fetch_premium_ad.py', reloading
[2015-12-29 00:01:37,259] {_internal.py:87} INFO -  * Restarting with stat
[2015-12-29 00:01:37,653] {post_review.py:26} DEBUG - started app
[2015-12-29 00:01:37,740] {_internal.py:87} WARNING -  * Debugger is active!
[2015-12-29 00:01:37,740] {_internal.py:87} INFO -  * Debugger pin code: 895-991-654
[2015-12-29 00:01:39,680] {_internal.py:87} INFO - 127.0.0.1 - - [29/Dec/2015 00:01:39] "POST /fetchpremiumad HTTP/1.1" 200 -
[2015-12-29 00:01:54,496] {_internal.py:87} INFO -  * Detected change in 'C:\\Python27\\APIs (5)\\APIs\\FetchStandardAd\\fetch_standard_ad.py', reloading
[2015-12-29 00:01:54,559] {_internal.py:87} INFO -  * Restarting with stat
[2015-12-29 00:01:54,934] {post_review.py:26} DEBUG - started app
[2015-12-29 00:01:54,964] {_internal.py:87} WARNING -  * Debugger is active!
[2015-12-29 00:01:54,964] {_internal.py:87} INFO -  * Debugger pin code: 895-991-654
[2015-12-29 00:02:07,085] {_internal.py:87} INFO - 127.0.0.1 - - [29/Dec/2015 00:02:07] "POST /fetchstandardad HTTP/1.1" 200 -
[2015-12-29 00:05:56,428] {_internal.py:87} INFO -  * Detected change in 'C:\\Python27\\APIs (5)\\APIs\\FetchPremiumAd\\fetch_premium_ad.py', reloading
[2015-12-29 00:05:56,506] {_internal.py:87} INFO -  * Restarting with stat
[2015-12-29 00:05:56,897] {post_review.py:26} DEBUG - started app
[2015-12-29 00:05:56,990] {_internal.py:87} WARNING -  * Debugger is active!
[2015-12-29 00:05:56,990] {_internal.py:87} INFO -  * Debugger pin code: 895-991-654
[2015-12-29 00:05:58,039] {_internal.py:87} INFO -  * Detected change in 'C:\\Python27\\APIs (5)\\APIs\\FetchStandardAd\\fetch_standard_ad.py', reloading
[2015-12-29 00:05:58,101] {_internal.py:87} INFO -  * Restarting with stat
[2015-12-29 00:05:58,461] {post_review.py:26} DEBUG - started app
[2015-12-29 00:05:58,539] {_internal.py:87} WARNING -  * Debugger is active!
[2015-12-29 00:05:58,539] {_internal.py:87} INFO -  * Debugger pin code: 895-991-654
[2015-12-29 00:27:43,714] {_internal.py:87} INFO -  * Detected change in 'C:\\Python27\\APIs (5)\\APIs\\FetchStandardAd\\fetch_standard_ad.py', reloading
[2015-12-29 00:27:43,855] {_internal.py:87} INFO -  * Restarting with stat
[2015-12-29 00:27:44,217] {post_review.py:26} DEBUG - started app
[2015-12-29 00:27:44,295] {_internal.py:87} WARNING -  * Debugger is active!
[2015-12-29 00:27:44,295] {_internal.py:87} INFO -  * Debugger pin code: 895-991-654
[2015-12-29 00:28:24,401] {_internal.py:87} INFO - 127.0.0.1 - - [29/Dec/2015 00:28:24] "POST /fetchstandardad HTTP/1.1" 200 -
[2015-12-29 00:30:51,558] {_internal.py:87} INFO - 127.0.0.1 - - [29/Dec/2015 00:30:51] "POST /fetchstandardad HTTP/1.1" 200 -
[2015-12-29 00:31:06,104] {_internal.py:87} INFO - 127.0.0.1 - - [29/Dec/2015 00:31:06] "POST /fetchstandardad HTTP/1.1" 200 -
[2015-12-29 00:31:26,471] {_internal.py:87} INFO - 127.0.0.1 - - [29/Dec/2015 00:31:26] "POST /fetchpremiumad HTTP/1.1" 200 -
[2015-12-29 00:32:03,596] {fetch_premium_ad.py:76} ERROR - No ads found
[2015-12-29 00:32:03,601] {_internal.py:87} INFO - 127.0.0.1 - - [29/Dec/2015 00:32:03] "POST /fetchpremiumad HTTP/1.1" 200 -
[2015-12-29 00:32:29,640] {fetch_standard_ad.py:75} ERROR - No ads found
[2015-12-29 00:32:29,645] {_internal.py:87} INFO - 127.0.0.1 - - [29/Dec/2015 00:32:29] "POST /fetchstandardad HTTP/1.1" 200 -
[2015-12-29 00:33:23,260] {post_review.py:26} DEBUG - started app
[2015-12-29 00:33:23,276] {_internal.py:87} INFO -  * Restarting with stat
[2015-12-29 00:33:23,619] {post_review.py:26} DEBUG - started app
[2015-12-29 00:33:23,635] {_internal.py:87} WARNING -  * Debugger is active!
[2015-12-29 00:33:23,635] {_internal.py:87} INFO -  * Debugger pin code: 895-991-654
[2015-12-29 00:35:07,848] {_internal.py:87} INFO -  * Detected change in 'C:\\Python27\\APIs (5)\\APIs\\server.py', reloading
[2015-12-29 00:35:07,914] {_internal.py:87} INFO -  * Restarting with stat
[2015-12-29 00:35:11,568] {post_review.py:26} DEBUG - started app
[2015-12-29 00:35:57,207] {post_review.py:26} DEBUG - started app
[2015-12-29 00:35:57,316] {_internal.py:87} INFO -  * Restarting with stat
[2015-12-29 00:35:57,677] {post_review.py:26} DEBUG - started app
[2015-12-29 00:35:57,707] {_internal.py:87} WARNING -  * Debugger is active!
[2015-12-29 00:35:57,707] {_internal.py:87} INFO -  * Debugger pin code: 895-991-654
[2015-12-29 00:36:17,934] {_internal.py:87} INFO - 127.0.0.1 - - [29/Dec/2015 00:36:17] "POST /forgotpasswordOTPgen HTTP/1.1" 200 -
[2015-12-29 00:36:39,742] {_internal.py:87} INFO - 127.0.0.1 - - [29/Dec/2015 00:36:39] "POST /createcustomer HTTP/1.1" 200 -
[2015-12-29 00:37:02,970] {_internal.py:87} INFO - 127.0.0.1 - - [29/Dec/2015 00:37:02] "POST /forgotpasswordOTPgen HTTP/1.1" 200 -
[2015-12-29 00:42:33,665] {_internal.py:87} INFO - 127.0.0.1 - - [29/Dec/2015 00:42:33] "POST /forgotpasswordOTPgen HTTP/1.1" 200 -
[2015-12-29 00:42:39,519] {_internal.py:87} INFO - 127.0.0.1 - - [29/Dec/2015 00:42:39] "POST /forgotpasswordOTPgen HTTP/1.1" 200 -
[2015-12-29 00:42:43,838] {_internal.py:87} INFO - 127.0.0.1 - - [29/Dec/2015 00:42:43] "POST /forgotpasswordOTPgen HTTP/1.1" 200 -
[2015-12-29 00:42:44,079] {_internal.py:87} INFO - 127.0.0.1 - - [29/Dec/2015 00:42:44] "POST /forgotpasswordOTPgen HTTP/1.1" 200 -
[2015-12-29 00:43:21,594] {fetch_standard_ad.py:75} ERROR - No ads found
[2015-12-29 00:43:21,596] {_internal.py:87} INFO - 127.0.0.1 - - [29/Dec/2015 00:43:21] "POST /fetchstandardad HTTP/1.1" 200 -
[2015-12-29 00:45:42,605] {_internal.py:87} INFO -  * Detected change in 'C:\\Python27\\APIs (5)\\APIs\\createcustomer\\create_customer.py', reloading
[2015-12-29 00:45:42,703] {_internal.py:87} INFO -  * Restarting with stat
[2015-12-29 00:45:43,085] {post_review.py:26} DEBUG - started app
[2015-12-29 00:45:43,118] {_internal.py:87} WARNING -  * Debugger is active!
[2015-12-29 00:45:43,118] {_internal.py:87} INFO -  * Debugger pin code: 895-991-654
[2015-12-29 00:45:47,848] {_internal.py:87} INFO - 127.0.0.1 - - [29/Dec/2015 00:45:47] "POST /forgotpasswordOTPgen HTTP/1.1" 200 -
[2015-12-29 00:45:52,839] {_internal.py:87} INFO - 127.0.0.1 - - [29/Dec/2015 00:45:52] "POST /createcustomer HTTP/1.1" 200 -
[2015-12-29 00:46:01,359] {_internal.py:87} INFO - 127.0.0.1 - - [29/Dec/2015 00:46:01] "POST /forgotpasswordOTPgen HTTP/1.1" 200 -
[2015-12-29 00:47:19,352] {_internal.py:87} INFO -  * Detected change in 'C:\\Python27\\APIs (5)\\APIs\\createcustomer\\create_customer.py', reloading
[2015-12-29 00:47:19,418] {_internal.py:87} INFO -  * Restarting with stat
[2015-12-29 00:47:19,938] {post_review.py:26} DEBUG - started app
[2015-12-29 00:47:19,974] {_internal.py:87} WARNING -  * Debugger is active!
[2015-12-29 00:47:19,974] {_internal.py:87} INFO -  * Debugger pin code: 895-991-654
[2015-12-29 00:48:33,502] {_internal.py:87} INFO - 127.0.0.1 - - [29/Dec/2015 00:48:33] "POST /forgotpasswordOTPgen HTTP/1.1" 200 -
[2015-12-29 00:49:14,180] {_internal.py:87} INFO -  * Detected change in 'C:\\Python27\\APIs (5)\\APIs\\createcustomer\\create_customer.py', reloading
[2015-12-29 00:49:14,253] {_internal.py:87} INFO -  * Restarting with stat
[2015-12-29 00:49:14,736] {post_review.py:26} DEBUG - started app
[2015-12-29 00:49:14,786] {_internal.py:87} WARNING -  * Debugger is active!
[2015-12-29 00:49:14,788] {_internal.py:87} INFO -  * Debugger pin code: 895-991-654
[2015-12-29 00:49:22,144] {_internal.py:87} INFO -  * Detected change in 'C:\\Python27\\APIs (5)\\APIs\\server.py', reloading
[2015-12-29 00:49:22,217] {_internal.py:87} INFO -  * Restarting with stat
[2015-12-29 00:49:22,594] {post_review.py:26} DEBUG - started app
[2015-12-29 00:49:22,625] {_internal.py:87} WARNING -  * Debugger is active!
[2015-12-29 00:49:22,627] {_internal.py:87} INFO -  * Debugger pin code: 895-991-654
[2015-12-29 22:54:54,723] {post_review.py:26} DEBUG - started app
[2015-12-29 22:54:55,427] {_internal.py:87} INFO -  * Restarting with stat
[2015-12-29 22:54:55,834] {post_review.py:26} DEBUG - started app
[2015-12-29 22:54:55,881] {_internal.py:87} WARNING -  * Debugger is active!
[2015-12-29 22:54:55,881] {_internal.py:87} INFO -  * Debugger pin code: 205-156-564
[2015-12-29 22:55:28,940] {_internal.py:87} INFO - 127.0.0.1 - - [29/Dec/2015 22:55:28] "POST /createcustomer HTTP/1.1" 200 -
[2015-12-29 22:56:17,428] {verify_otp.py:91} ERROR - Verification unsuccessful
[2015-12-29 22:56:17,433] {_internal.py:87} INFO - 127.0.0.1 - - [29/Dec/2015 22:56:17] "POST /verifyotp HTTP/1.1" 200 -
[2015-12-29 22:56:27,102] {verify_otp.py:91} ERROR - Verification unsuccessful
[2015-12-29 22:56:27,107] {_internal.py:87} INFO - 127.0.0.1 - - [29/Dec/2015 22:56:27] "POST /verifyotp HTTP/1.1" 200 -
[2015-12-29 22:56:42,359] {_internal.py:87} INFO - 127.0.0.1 - - [29/Dec/2015 22:56:42] "POST /verifyotp HTTP/1.1" 200 -
[2015-12-31 13:24:25,447] {post_review.py:26} DEBUG - started app
[2015-12-31 13:24:25,765] {_internal.py:87} INFO -  * Restarting with stat
[2015-12-31 13:24:26,174] {post_review.py:26} DEBUG - started app
[2015-12-31 13:24:26,210] {_internal.py:87} WARNING -  * Debugger is active!
[2015-12-31 13:24:26,211] {_internal.py:87} INFO -  * Debugger pin code: 205-156-564
[2015-12-31 13:24:27,365] {_internal.py:87} INFO - 127.0.0.1 - - [31/Dec/2015 13:24:27] "POST /fetchtransactionhistory HTTP/1.1" 200 -
[2015-12-31 13:43:08,703] {_internal.py:87} INFO - 127.0.0.1 - - [31/Dec/2015 13:43:08] "POST /fetchtransactionhistory HTTP/1.1" 200 -
[2015-12-31 13:47:46,237] {fetch_transaction_history_list.py:110} ERROR - No item bill found
[2015-12-31 13:47:46,240] {_internal.py:87} INFO - 127.0.0.1 - - [31/Dec/2015 13:47:46] "POST /fetchtransactionhistorylist HTTP/1.1" 200 -
[2015-12-31 13:50:47,611] {_internal.py:87} INFO - 127.0.0.1 - - [31/Dec/2015 13:50:47] "POST /fetchtransactionhistorylist HTTP/1.1" 200 -
[2015-12-31 13:50:59,648] {_internal.py:87} INFO - 127.0.0.1 - - [31/Dec/2015 13:50:59] "POST /fetchtransactionhistorylist HTTP/1.1" 200 -
[2015-12-31 13:53:44,673] {_internal.py:87} INFO - 127.0.0.1 - - [31/Dec/2015 13:53:44] "POST /fetchtransactionhistorylist HTTP/1.1" 200 -
[2015-12-31 13:58:11,729] {_internal.py:87} INFO -  * Detected change in 'C:\\Users\\Pritish\\Documents\\whizzbuy_androidwebapp\\FetchTransactionHistoryList\\fetch_transaction_history_list.py', reloading
[2015-12-31 13:58:11,835] {_internal.py:87} INFO -  * Restarting with stat
[2015-12-31 13:58:12,253] {post_review.py:26} DEBUG - started app
[2015-12-31 13:58:12,290] {_internal.py:87} WARNING -  * Debugger is active!
[2015-12-31 13:58:12,292] {_internal.py:87} INFO -  * Debugger pin code: 205-156-564
[2015-12-31 13:58:22,486] {_internal.py:87} INFO - 127.0.0.1 - - [31/Dec/2015 13:58:22] "POST /fetchtransactionhistorylist HTTP/1.1" 200 -
[2015-12-31 13:59:47,017] {_internal.py:87} INFO -  * Detected change in 'C:\\Users\\Pritish\\Documents\\whizzbuy_androidwebapp\\FetchTransactionHistoryList\\fetch_transaction_history_list.py', reloading
[2015-12-31 13:59:47,127] {_internal.py:87} INFO -  * Restarting with stat
[2015-12-31 13:59:47,513] {post_review.py:26} DEBUG - started app
[2015-12-31 13:59:47,561] {_internal.py:87} WARNING -  * Debugger is active!
[2015-12-31 13:59:47,561] {_internal.py:87} INFO -  * Debugger pin code: 205-156-564
[2015-12-31 13:59:50,813] {_internal.py:87} INFO - 127.0.0.1 - - [31/Dec/2015 13:59:50] "POST /fetchtransactionhistorylist HTTP/1.1" 200 -
[2015-12-31 14:04:40,882] {fetch_premium_ad.py:76} ERROR - No ads found
[2015-12-31 14:04:40,885] {_internal.py:87} INFO - 127.0.0.1 - - [31/Dec/2015 14:04:40] "POST /fetchpremiumad HTTP/1.1" 200 -
[2015-12-31 14:04:45,772] {_internal.py:87} INFO - 127.0.0.1 - - [31/Dec/2015 14:04:45] "POST /fetchstandardad HTTP/1.1" 200 -
[2015-12-31 14:04:53,575] {_internal.py:87} INFO - 127.0.0.1 - - [31/Dec/2015 14:04:53] "POST /fetchtransactionhistorylist HTTP/1.1" 200 -
[2015-12-31 14:05:45,138] {_internal.py:87} INFO -  * Detected change in 'C:\\Users\\Pritish\\Documents\\whizzbuy_androidwebapp\\FetchTransactionHistoryList\\fetch_transaction_history_list.py', reloading
[2015-12-31 14:05:45,232] {_internal.py:87} INFO -  * Restarting with stat
[2015-12-31 14:05:45,607] {post_review.py:26} DEBUG - started app
[2015-12-31 14:05:45,747] {_internal.py:87} WARNING -  * Debugger is active!
[2015-12-31 14:05:45,747] {_internal.py:87} INFO -  * Debugger pin code: 205-156-564
[2015-12-31 14:05:49,005] {_internal.py:87} INFO - 127.0.0.1 - - [31/Dec/2015 14:05:49] "POST /fetchtransactionhistorylist HTTP/1.1" 200 -
[2015-12-31 14:06:58,734] {_internal.py:87} INFO -  * Detected change in 'C:\\Users\\Pritish\\Documents\\whizzbuy_androidwebapp\\FetchTransactionHistoryList\\fetch_transaction_history_list.py', reloading
[2015-12-31 14:06:58,826] {_internal.py:87} INFO -  * Restarting with stat
[2015-12-31 14:06:59,233] {post_review.py:26} DEBUG - started app
[2015-12-31 14:06:59,342] {_internal.py:87} WARNING -  * Debugger is active!
[2015-12-31 14:06:59,342] {_internal.py:87} INFO -  * Debugger pin code: 205-156-564
[2015-12-31 14:07:01,858] {_internal.py:87} INFO - 127.0.0.1 - - [31/Dec/2015 14:07:01] "POST /fetchtransactionhistorylist HTTP/1.1" 200 -
[2015-12-31 21:58:10,345] {post_review.py:26} DEBUG - started app
[2015-12-31 21:58:10,667] {_internal.py:87} INFO -  * Restarting with stat
[2015-12-31 21:58:11,145] {post_review.py:26} DEBUG - started app
[2015-12-31 21:58:11,181] {_internal.py:87} WARNING -  * Debugger is active!
[2015-12-31 21:58:11,184] {_internal.py:87} INFO -  * Debugger pin code: 205-156-564
[2015-12-31 21:58:13,831] {_internal.py:87} INFO - 127.0.0.1 - - [31/Dec/2015 21:58:13] "POST /storelocator HTTP/1.1" 200 -
[2015-12-31 22:01:27,144] {_internal.py:87} INFO - 127.0.0.1 - - [31/Dec/2015 22:01:27] "POST /storelocator HTTP/1.1" 200 -
[2015-12-31 22:07:05,671] {_internal.py:87} INFO -  * Detected change in 'C:\\Users\\Pritish\\Documents\\whizzbuy_androidwebapp\\StoreLocator\\storelocator.py', reloading
[2015-12-31 22:07:05,858] {_internal.py:87} INFO -  * Restarting with stat
[2015-12-31 22:07:06,388] {post_review.py:26} DEBUG - started app
[2015-12-31 22:07:06,575] {_internal.py:87} WARNING -  * Debugger is active!
[2015-12-31 22:07:06,575] {_internal.py:87} INFO -  * Debugger pin code: 205-156-564
[2015-12-31 22:07:11,752] {_internal.py:87} INFO - 127.0.0.1 - - [31/Dec/2015 22:07:11] "POST /storelocator HTTP/1.1" 200 -
[2015-12-31 22:07:47,288] {_internal.py:87} INFO -  * Detected change in 'C:\\Users\\Pritish\\Documents\\whizzbuy_androidwebapp\\StoreLocator\\storelocator.py', reloading
[2015-12-31 22:07:47,381] {_internal.py:87} INFO -  * Restarting with stat
[2015-12-31 22:07:47,788] {post_review.py:26} DEBUG - started app
[2015-12-31 22:07:47,851] {_internal.py:87} WARNING -  * Debugger is active!
[2015-12-31 22:07:47,851] {_internal.py:87} INFO -  * Debugger pin code: 205-156-564
[2015-12-31 22:07:53,645] {_internal.py:87} INFO - 127.0.0.1 - - [31/Dec/2015 22:07:53] "POST /storelocator HTTP/1.1" 200 -
[2015-12-31 22:08:21,224] {_internal.py:87} INFO -  * Detected change in 'C:\\Users\\Pritish\\Documents\\whizzbuy_androidwebapp\\StoreLocator\\storelocator.py', reloading
[2015-12-31 22:08:21,319] {_internal.py:87} INFO -  * Restarting with stat
[2015-12-31 22:08:21,773] {post_review.py:26} DEBUG - started app
[2015-12-31 22:08:21,819] {_internal.py:87} WARNING -  * Debugger is active!
[2015-12-31 22:08:21,835] {_internal.py:87} INFO -  * Debugger pin code: 205-156-564
[2015-12-31 22:08:31,134] {_internal.py:87} INFO - 127.0.0.1 - - [31/Dec/2015 22:08:31] "POST /storelocator HTTP/1.1" 200 -
[2015-12-31 22:09:17,546] {_internal.py:87} INFO - 127.0.0.1 - - [31/Dec/2015 22:09:17] "POST /storelocator HTTP/1.1" 200 -
[2015-12-31 22:12:16,433] {_internal.py:87} INFO -  * Detected change in 'C:\\Users\\Pritish\\Documents\\whizzbuy_androidwebapp\\server.py', reloading
[2015-12-31 22:12:16,526] {_internal.py:87} INFO -  * Restarting with stat
[2015-12-31 22:12:16,948] {post_review.py:26} DEBUG - started app
[2015-12-31 22:12:16,980] {_internal.py:87} WARNING -  * Debugger is active!
[2015-12-31 22:12:16,980] {_internal.py:87} INFO -  * Debugger pin code: 205-156-564
[2015-12-31 22:12:28,217] {_internal.py:87} INFO - 127.0.0.1 - - [31/Dec/2015 22:12:28] "POST /storelocator HTTP/1.1" 200 -
[2015-12-31 22:13:04,648] {_internal.py:87} INFO - 127.0.0.1 - - [31/Dec/2015 22:13:04] "POST /storelocator HTTP/1.1" 200 -
[2015-12-31 22:13:33,431] {_internal.py:87} INFO - 127.0.0.1 - - [31/Dec/2015 22:13:33] "POST /storelocator HTTP/1.1" 200 -
[2016-01-02 22:39:29,716] {post_review.py:26} DEBUG - started app
[2016-01-02 22:39:30,107] {_internal.py:87} INFO -  * Restarting with stat
[2016-01-02 22:39:30,482] {post_review.py:26} DEBUG - started app
[2016-01-02 22:39:30,513] {_internal.py:87} WARNING -  * Debugger is active!
[2016-01-02 22:39:30,513] {_internal.py:87} INFO -  * Debugger pin code: 205-156-564
[2016-01-02 22:39:43,323] {_internal.py:87} INFO - 127.0.0.1 - - [02/Jan/2016 22:39:43] "POST /storelocator HTTP/1.1" 200 -
[2016-01-02 22:43:31,503] {_internal.py:87} INFO - 127.0.0.1 - - [02/Jan/2016 22:43:31] "POST /storelocator HTTP/1.1" 200 -
[2016-01-03 20:32:58,194] {_internal.py:87} INFO -  * Detected change in 'C:\\Users\\Pritish\\Documents\\whizzbuy_androidwebapp\\StoreLocator\\storelocator.py', reloading
[2016-01-03 20:32:59,128] {_internal.py:87} INFO -  * Restarting with stat
[2016-01-03 20:33:09,507] {post_review.py:26} DEBUG - started app
[2016-01-03 20:33:10,382] {_internal.py:87} WARNING -  * Debugger is active!
[2016-01-03 20:33:10,382] {_internal.py:87} INFO -  * Debugger pin code: 205-156-564
[2016-01-03 21:30:53,394] {post_review.py:26} DEBUG - started app
[2016-01-03 21:30:53,473] {_internal.py:87} INFO -  * Restarting with stat
[2016-01-03 21:30:53,862] {post_review.py:26} DEBUG - started app
[2016-01-03 21:30:53,957] {_internal.py:87} WARNING -  * Debugger is active!
[2016-01-03 21:30:53,957] {_internal.py:87} INFO -  * Debugger pin code: 205-156-564
[2016-01-03 21:30:58,625] {_internal.py:87} INFO - 127.0.0.1 - - [03/Jan/2016 21:30:58] "POST /FetchAllLifestyle HTTP/1.1" 200 -
[2016-01-03 21:31:04,265] {_internal.py:87} INFO - 127.0.0.1 - - [03/Jan/2016 21:31:04] "POST /storelocator HTTP/1.1" 200 -
[2016-01-03 21:31:37,197] {_internal.py:87} INFO -  * Detected change in 'C:\\Users\\Pritish\\Documents\\whizzbuy_androidwebapp\\lifestyle\\life_style.py', reloading
[2016-01-03 21:31:37,289] {_internal.py:87} INFO -  * Restarting with stat
[2016-01-03 21:31:37,822] {post_review.py:26} DEBUG - started app
[2016-01-03 21:31:37,930] {_internal.py:87} WARNING -  * Debugger is active!
[2016-01-03 21:31:37,947] {_internal.py:87} INFO -  * Debugger pin code: 205-156-564
[2016-01-03 21:31:50,107] {_internal.py:87} INFO - 127.0.0.1 - - [03/Jan/2016 21:31:50] "POST /storelocator HTTP/1.1" 200 -
[2016-01-03 21:31:58,907] {_internal.py:87} INFO - 127.0.0.1 - - [03/Jan/2016 21:31:58] "POST /FetchAllLifestyle HTTP/1.1" 200 -
[2016-01-03 21:32:38,966] {server.py:31} ERROR - Page not found: /CountdownTimer
[2016-01-03 21:32:39,134] {_internal.py:87} INFO - 127.0.0.1 - - [03/Jan/2016 21:32:39] "POST /CountdownTimer HTTP/1.1" 4044 -
[2016-01-03 21:34:13,579] {_internal.py:87} INFO -  * Detected change in 'C:\\Users\\Pritish\\Documents\\whizzbuy_androidwebapp\\server.py', reloading
[2016-01-03 21:34:13,720] {_internal.py:87} INFO -  * Restarting with stat
[2016-01-03 21:34:14,236] {post_review.py:26} DEBUG - started app
[2016-01-03 21:34:14,331] {_internal.py:87} WARNING -  * Debugger is active!
[2016-01-03 21:34:14,345] {_internal.py:87} INFO -  * Debugger pin code: 205-156-564
[2016-01-03 21:34:24,285] {_internal.py:87} INFO - 127.0.0.1 - - [03/Jan/2016 21:34:24] "POST /CountdownTimer HTTP/1.1" 200 -
[2016-01-03 21:36:19,470] {_internal.py:87} INFO -  * Detected change in 'C:\\Users\\Pritish\\Documents\\whizzbuy_androidwebapp\\CountDownTimer\\Countdown_Timer.py', reloading
[2016-01-03 21:36:19,611] {_internal.py:87} INFO -  * Restarting with stat
[2016-01-03 21:36:20,276] {post_review.py:26} DEBUG - started app
[2016-01-03 21:36:20,461] {_internal.py:87} WARNING -  * Debugger is active!
[2016-01-03 21:36:20,461] {_internal.py:87} INFO -  * Debugger pin code: 205-156-564
[2016-01-03 21:36:21,405] {_internal.py:87} INFO - 127.0.0.1 - - [03/Jan/2016 21:36:21] "POST /CountdownTimer HTTP/1.1" 200 -
[2016-01-04 19:46:47,796] {post_review.py:26} DEBUG - started app
[2016-01-04 19:46:48,576] {_internal.py:87} INFO -  * Restarting with stat
[2016-01-04 19:46:49,239] {post_review.py:26} DEBUG - started app
[2016-01-04 19:46:49,338] {_internal.py:87} WARNING -  * Debugger is active!
[2016-01-04 19:46:49,338] {_internal.py:87} INFO -  * Debugger pin code: 205-156-564
[2016-01-04 19:46:55,480] {_internal.py:87} INFO - 127.0.0.1 - - [04/Jan/2016 19:46:55] "POST /fetchcustomerlifestyle HTTP/1.1" 200 -
[2016-01-04 19:47:14,058] {_internal.py:87} INFO - 127.0.0.1 - - [04/Jan/2016 19:47:14] "POST /postcustomerlifestyle HTTP/1.1" 200 -
[2016-01-04 19:47:17,900] {_internal.py:87} INFO - 127.0.0.1 - - [04/Jan/2016 19:47:17] "POST /fetchcustomerlifestyle HTTP/1.1" 200 -
[2016-01-09 02:19:27,921] {post_review.py:26} DEBUG - started app
[2016-01-09 02:19:29,226] {_internal.py:87} INFO -  * Restarting with stat
[2016-01-09 02:19:29,802] {post_review.py:26} DEBUG - started app
[2016-01-09 02:19:29,911] {_internal.py:87} WARNING -  * Debugger is active!
[2016-01-09 02:19:29,911] {_internal.py:87} INFO -  * Debugger pin code: 205-156-564
[2016-01-09 02:28:32,101] {_internal.py:87} INFO -  * Detected change in 'C:\\Users\\Pritish\\Documents\\whizzbuy_androidwebapp\\Login\\login.py', reloading
[2016-01-09 02:28:32,273] {_internal.py:87} INFO -  * Restarting with stat
[2016-01-09 02:28:32,898] {post_review.py:26} DEBUG - started app
[2016-01-09 02:28:33,117] {_internal.py:87} WARNING -  * Debugger is active!
[2016-01-09 02:28:33,117] {_internal.py:87} INFO -  * Debugger pin code: 205-156-564
[2016-01-09 02:55:06,384] {_internal.py:87} INFO -  * Detected change in 'C:\\Users\\Pritish\\Documents\\whizzbuy_androidwebapp\\Login\\login.py', reloading
[2016-01-09 02:55:06,447] {_internal.py:87} INFO -  * Restarting with stat
[2016-01-09 02:55:13,302] {post_review.py:26} DEBUG - started app
[2016-01-09 02:55:13,753] {_internal.py:87} WARNING -  * Debugger is active!
[2016-01-09 02:55:13,753] {_internal.py:87} INFO -  * Debugger pin code: 205-156-564
[2016-01-14 21:15:57,934] {post_review.py:26} DEBUG - started app
[2016-01-14 21:15:58,845] {_internal.py:87} INFO -  * Restarting with stat
[2016-01-14 21:15:59,190] {post_review.py:26} DEBUG - started app
[2016-01-14 21:15:59,230] {_internal.py:87} WARNING -  * Debugger is active!
[2016-01-14 21:15:59,230] {_internal.py:87} INFO -  * Debugger pin code: 205-156-564
[2016-01-14 21:17:08,651] {_internal.py:87} INFO - 127.0.0.1 - - [14/Jan/2016 21:17:08] "POST /storelocator HTTP/1.1" 200 -
[2016-01-14 22:37:05,042] {post_review.py:26} DEBUG - started app
[2016-01-14 22:37:05,339] {_internal.py:87} INFO -  * Restarting with stat
[2016-01-14 22:37:05,653] {post_review.py:26} DEBUG - started app
[2016-01-14 22:37:05,700] {_internal.py:87} WARNING -  * Debugger is active!
[2016-01-14 22:37:05,700] {_internal.py:87} INFO -  * Debugger pin code: 205-156-564
[2016-01-14 22:37:14,542] {_internal.py:87} INFO - 127.0.0.1 - - [14/Jan/2016 22:37:14] "POST /storelocator HTTP/1.1" 200 -
[2016-01-14 22:38:18,440] {_internal.py:87} INFO -  * Detected change in 'C:\\Users\\Pritish\\Documents\\whizzbuy_androidwebapp\\StoreLocator\\storelocator.py', reloading
[2016-01-14 22:38:18,674] {_internal.py:87} INFO -  * Restarting with stat
[2016-01-14 22:38:19,049] {post_review.py:26} DEBUG - started app
[2016-01-14 22:38:19,096] {_internal.py:87} WARNING -  * Debugger is active!
[2016-01-14 22:38:19,096] {_internal.py:87} INFO -  * Debugger pin code: 205-156-564
[2016-01-14 22:38:21,805] {_internal.py:87} INFO - 127.0.0.1 - - [14/Jan/2016 22:38:21] "POST /storelocator HTTP/1.1" 200 -
[2016-01-14 22:43:40,273] {_internal.py:87} INFO -  * Detected change in 'C:\\Users\\Pritish\\Documents\\whizzbuy_androidwebapp\\server.py', reloading
[2016-01-14 22:43:40,351] {_internal.py:87} INFO -  * Restarting with stat
[2016-01-14 22:43:40,819] {post_review.py:26} DEBUG - started app
[2016-01-14 22:43:40,881] {_internal.py:87} WARNING -  * Debugger is active!
[2016-01-14 22:43:40,881] {_internal.py:87} INFO -  * Debugger pin code: 205-156-564
[2016-01-14 22:43:50,098] {_internal.py:87} INFO -  * Detected change in 'C:\\Users\\Pritish\\Documents\\whizzbuy_androidwebapp\\server.py', reloading
[2016-01-14 22:43:50,161] {_internal.py:87} INFO -  * Restarting with stat
[2016-01-14 22:43:50,568] {post_review.py:26} DEBUG - started app
[2016-01-14 22:43:50,645] {_internal.py:87} WARNING -  * Debugger is active!
[2016-01-14 22:43:50,645] {_internal.py:87} INFO -  * Debugger pin code: 205-156-564
[2016-01-14 22:45:25,509] {_internal.py:87} INFO -  * Detected change in 'C:\\Users\\Pritish\\Documents\\whizzbuy_androidwebapp\\AddToCart\\addto_cart.py', reloading
[2016-01-14 22:45:25,572] {_internal.py:87} INFO -  * Restarting with stat
[2016-01-14 22:45:25,963] {post_review.py:26} DEBUG - started app
[2016-01-14 22:45:26,040] {_internal.py:87} WARNING -  * Debugger is active!
[2016-01-14 22:45:26,040] {_internal.py:87} INFO -  * Debugger pin code: 205-156-564
[2016-01-14 22:46:01,710] {_internal.py:87} INFO -  * Detected change in 'C:\\Users\\Pritish\\Documents\\whizzbuy_androidwebapp\\ChangePassword\\change_password.py', reloading
[2016-01-14 22:46:01,772] {_internal.py:87} INFO -  * Restarting with stat
[2016-01-14 22:46:02,177] {post_review.py:26} DEBUG - started app
[2016-01-14 22:46:02,230] {_internal.py:87} WARNING -  * Debugger is active!
[2016-01-14 22:46:02,230] {_internal.py:87} INFO -  * Debugger pin code: 205-156-564
[2016-01-14 22:46:26,055] {_internal.py:87} INFO -  * Detected change in 'C:\\Users\\Pritish\\Documents\\whizzbuy_androidwebapp\\ChangePassword\\change_password.py', reloading
[2016-01-14 22:46:26,118] {_internal.py:87} INFO -  * Restarting with stat
[2016-01-14 22:46:26,447] {post_review.py:26} DEBUG - started app
[2016-01-14 22:46:26,479] {_internal.py:87} WARNING -  * Debugger is active!
[2016-01-14 22:46:26,493] {_internal.py:87} INFO -  * Debugger pin code: 205-156-564
[2016-01-14 22:46:53,533] {_internal.py:87} INFO -  * Detected change in 'C:\\Users\\Pritish\\Documents\\whizzbuy_androidwebapp\\CountDownTimer\\Countdown_Timer.py', reloading
[2016-01-14 22:46:53,674] {_internal.py:87} INFO -  * Restarting with stat
[2016-01-14 22:46:54,003] {post_review.py:26} DEBUG - started app
[2016-01-14 22:46:54,158] {_internal.py:87} WARNING -  * Debugger is active!
[2016-01-14 22:46:54,158] {_internal.py:87} INFO -  * Debugger pin code: 205-156-564
[2016-01-14 22:47:19,220] {_internal.py:87} INFO -  * Detected change in 'C:\\Users\\Pritish\\Documents\\whizzbuy_androidwebapp\\CountDownTimer\\Countdown_Timer.py', reloading
[2016-01-14 22:47:19,298] {_internal.py:87} INFO -  * Restarting with stat
[2016-01-14 22:47:19,611] {post_review.py:26} DEBUG - started app
[2016-01-14 22:47:19,673] {_internal.py:87} WARNING -  * Debugger is active!
[2016-01-14 22:47:19,673] {_internal.py:87} INFO -  * Debugger pin code: 205-156-564
[2016-01-14 22:49:18,571] {_internal.py:87} INFO -  * Detected change in 'C:\\Users\\Pritish\\Documents\\whizzbuy_androidwebapp\\FetchPremiumAd\\fetch_premium_ad.py', reloading
[2016-01-14 22:49:18,648] {_internal.py:87} INFO -  * Restarting with stat
[2016-01-14 22:49:18,976] {post_review.py:26} DEBUG - started app
[2016-01-14 22:49:19,134] {_internal.py:87} WARNING -  * Debugger is active!
[2016-01-14 22:49:19,134] {_internal.py:87} INFO -  * Debugger pin code: 205-156-564
[2016-01-14 22:49:55,638] {_internal.py:87} INFO -  * Detected change in 'C:\\Users\\Pritish\\Documents\\whizzbuy_androidwebapp\\FetchProfileInfo\\fetch_profile.py', reloading
[2016-01-14 22:49:55,716] {_internal.py:87} INFO -  * Restarting with stat
[2016-01-14 22:49:56,138] {post_review.py:26} DEBUG - started app
[2016-01-14 22:49:56,184] {_internal.py:87} WARNING -  * Debugger is active!
[2016-01-14 22:49:56,184] {_internal.py:87} INFO -  * Debugger pin code: 205-156-564
[2016-01-14 22:50:23,286] {_internal.py:87} INFO -  * Detected change in 'C:\\Users\\Pritish\\Documents\\whizzbuy_androidwebapp\\FetchReview\\fetch_review.py', reloading
[2016-01-14 22:50:23,378] {_internal.py:87} INFO -  * Restarting with stat
[2016-01-14 22:50:23,707] {post_review.py:26} DEBUG - started app
[2016-01-14 22:50:23,753] {_internal.py:87} WARNING -  * Debugger is active!
[2016-01-14 22:50:23,753] {_internal.py:87} INFO -  * Debugger pin code: 205-156-564
[2016-01-14 22:51:17,848] {_internal.py:87} INFO -  * Detected change in 'C:\\Users\\Pritish\\Documents\\whizzbuy_androidwebapp\\FetchStandardAd\\fetch_standard_ad.py', reloading
[2016-01-14 22:51:17,910] {_internal.py:87} INFO -  * Restarting with stat
[2016-01-14 22:51:18,239] {post_review.py:26} DEBUG - started app
[2016-01-14 22:51:18,316] {_internal.py:87} WARNING -  * Debugger is active!
[2016-01-14 22:51:18,316] {_internal.py:87} INFO -  * Debugger pin code: 205-156-564
[2016-01-14 22:52:42,848] {_internal.py:87} INFO -  * Detected change in 'C:\\Users\\Pritish\\Documents\\whizzbuy_androidwebapp\\FetchTransactionHistory\\fetch_transaction_history.py', reloading
[2016-01-14 22:52:42,926] {_internal.py:87} INFO -  * Restarting with stat
[2016-01-14 22:52:43,239] {post_review.py:26} DEBUG - started app
[2016-01-14 22:52:43,301] {_internal.py:87} WARNING -  * Debugger is active!
[2016-01-14 22:52:43,301] {_internal.py:87} INFO -  * Debugger pin code: 205-156-564
[2016-01-14 22:58:57,743] {_internal.py:87} INFO -  * Detected change in 'C:\\Users\\Pritish\\Documents\\whizzbuy_androidwebapp\\FetchTransactionHistoryList\\fetch_transaction_history_list.py', reloading
[2016-01-14 22:58:57,868] {_internal.py:87} INFO -  * Restarting with stat
[2016-01-14 22:58:58,211] {post_review.py:26} DEBUG - started app
[2016-01-14 22:58:58,289] {_internal.py:87} WARNING -  * Debugger is active!
[2016-01-14 22:58:58,289] {_internal.py:87} INFO -  * Debugger pin code: 205-156-564
[2016-01-14 23:01:41,654] {_internal.py:87} INFO -  * Detected change in 'C:\\Users\\Pritish\\Documents\\whizzbuy_androidwebapp\\Logout\\log_out.py', reloading
[2016-01-14 23:01:41,763] {_internal.py:87} INFO -  * Restarting with stat
[2016-01-14 23:01:42,124] {post_review.py:26} DEBUG - started app
[2016-01-14 23:01:42,171] {_internal.py:87} WARNING -  * Debugger is active!
[2016-01-14 23:01:42,171] {_internal.py:87} INFO -  * Debugger pin code: 205-156-564
[2016-01-14 23:02:05,086] {_internal.py:87} INFO -  * Detected change in 'C:\\Users\\Pritish\\Documents\\whizzbuy_androidwebapp\\OutletCheckin\\outlet_checkin.py', reloading
[2016-01-14 23:02:05,148] {_internal.py:87} INFO -  * Restarting with stat
[2016-01-14 23:02:05,476] {post_review.py:26} DEBUG - started app
[2016-01-14 23:02:05,571] {_internal.py:87} WARNING -  * Debugger is active!
[2016-01-14 23:02:05,571] {_internal.py:87} INFO -  * Debugger pin code: 205-156-564
[2016-01-14 23:03:26,019] {_internal.py:87} INFO -  * Detected change in 'C:\\Users\\Pritish\\Documents\\whizzbuy_androidwebapp\\PostReview\\post_review.py', reloading
[2016-01-14 23:03:26,082] {_internal.py:87} INFO -  * Restarting with stat
[2016-01-14 23:03:26,426] {post_review.py:26} DEBUG - started app
[2016-01-14 23:03:26,473] {_internal.py:87} WARNING -  * Debugger is active!
[2016-01-14 23:03:26,473] {_internal.py:87} INFO -  * Debugger pin code: 205-156-564
[2016-01-14 23:04:42,334] {_internal.py:87} INFO -  * Detected change in 'C:\\Users\\Pritish\\Documents\\whizzbuy_androidwebapp\\StoreLocator\\storelocator.py', reloading
[2016-01-14 23:04:42,427] {_internal.py:87} INFO -  * Restarting with stat
[2016-01-14 23:04:42,756] {post_review.py:26} DEBUG - started app
[2016-01-14 23:04:42,819] {_internal.py:87} WARNING -  * Debugger is active!
[2016-01-14 23:04:42,819] {_internal.py:87} INFO -  * Debugger pin code: 205-156-564
[2016-01-14 23:05:02,582] {_internal.py:87} INFO -  * Detected change in 'C:\\Users\\Pritish\\Documents\\whizzbuy_androidwebapp\\UpdateClientTable\\update_client_table.py', reloading
[2016-01-14 23:05:02,690] {_internal.py:87} INFO -  * Restarting with stat
[2016-01-14 23:05:03,019] {post_review.py:26} DEBUG - started app
[2016-01-14 23:05:03,065] {_internal.py:87} WARNING -  * Debugger is active!
[2016-01-14 23:05:03,082] {_internal.py:87} INFO -  * Debugger pin code: 205-156-564
